{
  "/home/tynnp/Desktop/Nhap mon DevOps/source/frontend/src/App.tsx": {
    "path": "/home/tynnp/Desktop/Nhap mon DevOps/source/frontend/src/App.tsx",
    "statementMap": {
      "0": {
        "start": { "line": 1, "column": 0 },
        "end": { "line": 1, "column": 50 }
      },
      "1": {
        "start": { "line": 2, "column": 0 },
        "end": { "line": 2, "column": 53 }
      },
      "2": {
        "start": { "line": 3, "column": 0 },
        "end": { "line": 3, "column": 34 }
      },
      "3": {
        "start": { "line": 6, "column": 2 },
        "end": { "line": 10, "column": 4 }
      },
      "4": {
        "start": { "line": 13, "column": 0 },
        "end": { "line": 13, "column": 19 }
      }
    },
    "fnMap": {
      "0": {
        "name": "App",
        "decl": {
          "start": { "line": 5, "column": 9 },
          "end": { "line": 5, "column": 12 }
        },
        "loc": {
          "start": { "line": 5, "column": 12 },
          "end": { "line": 11, "column": 1 }
        }
      }
    },
    "branchMap": {},
    "s": { "0": 0, "1": 0, "2": 0, "3": 0, "4": 0 },
    "f": { "0": 0 },
    "b": {}
  },
  "/home/tynnp/Desktop/Nhap mon DevOps/source/frontend/src/__tests__/testUtils.tsx": {
    "path": "/home/tynnp/Desktop/Nhap mon DevOps/source/frontend/src/__tests__/testUtils.tsx",
    "statementMap": {
      "0": {
        "start": { "line": 12, "column": 0 },
        "end": { "line": 12, "column": 16 }
      },
      "1": {
        "start": { "line": 36, "column": 0 },
        "end": { "line": 36, "column": 16 }
      },
      "2": {
        "start": { "line": 1, "column": 0 },
        "end": { "line": 1, "column": 68 }
      },
      "3": {
        "start": { "line": 3, "column": 0 },
        "end": { "line": 3, "column": 63 }
      },
      "4": {
        "start": { "line": 4, "column": 0 },
        "end": { "line": 4, "column": 54 }
      },
      "5": {
        "start": { "line": 13, "column": 70 },
        "end": { "line": 13, "column": 77 }
      },
      "6": {
        "start": { "line": 15, "column": 18 },
        "end": { "line": 22, "column": null }
      },
      "7": {
        "start": { "line": 18, "column": 8 },
        "end": { "line": 18, "column": 28 }
      },
      "8": {
        "start": { "line": 25, "column": 15 },
        "end": { "line": 30, "column": null }
      },
      "9": {
        "start": { "line": 33, "column": 2 },
        "end": { "line": 33, "column": 37 }
      },
      "10": {
        "start": { "line": 37, "column": 2 },
        "end": { "line": 41, "column": 4 }
      }
    },
    "fnMap": {
      "0": {
        "name": "renderWithRouter",
        "decl": {
          "start": { "line": 12, "column": 16 },
          "end": { "line": 12, "column": 32 }
        },
        "loc": {
          "start": { "line": 12, "column": 72 },
          "end": { "line": 34, "column": 1 }
        }
      },
      "1": {
        "name": "(anonymous_1)",
        "decl": {
          "start": { "line": 17, "column": 18 },
          "end": { "line": 17, "column": 19 }
        },
        "loc": {
          "start": { "line": 18, "column": 8 },
          "end": { "line": 18, "column": 28 }
        }
      },
      "2": {
        "name": "wrapAuth",
        "decl": {
          "start": { "line": 36, "column": 16 },
          "end": { "line": 36, "column": 24 }
        },
        "loc": {
          "start": { "line": 36, "column": 44 },
          "end": { "line": 42, "column": 1 }
        }
      }
    },
    "branchMap": {
      "0": {
        "loc": {
          "start": { "line": 12, "column": 51 },
          "end": { "line": 12, "column": 72 }
        },
        "type": "default-arg",
        "locations": [
          {
            "start": { "line": 12, "column": 70 },
            "end": { "line": 12, "column": 72 }
          }
        ]
      },
      "1": {
        "loc": {
          "start": { "line": 13, "column": 10 },
          "end": { "line": 13, "column": 21 }
        },
        "type": "default-arg",
        "locations": [
          {
            "start": { "line": 13, "column": 18 },
            "end": { "line": 13, "column": 21 }
          }
        ]
      },
      "2": {
        "loc": {
          "start": { "line": 13, "column": 23 },
          "end": { "line": 13, "column": 39 }
        },
        "type": "default-arg",
        "locations": [
          {
            "start": { "line": 13, "column": 34 },
            "end": { "line": 13, "column": 39 }
          }
        ]
      },
      "3": {
        "loc": {
          "start": { "line": 15, "column": 18 },
          "end": { "line": 22, "column": null }
        },
        "type": "cond-expr",
        "locations": [
          {
            "start": { "line": 16, "column": 4 },
            "end": { "line": 19, "column": null }
          },
          {
            "start": { "line": 22, "column": 4 },
            "end": { "line": 22, "column": 6 }
          }
        ]
      },
      "4": {
        "loc": {
          "start": { "line": 25, "column": 15 },
          "end": { "line": 30, "column": null }
        },
        "type": "cond-expr",
        "locations": [
          {
            "start": { "line": 26, "column": 4 },
            "end": { "line": 27, "column": null }
          },
          {
            "start": { "line": 30, "column": 4 },
            "end": { "line": 30, "column": 67 }
          }
        ]
      }
    },
    "s": {
      "0": 4,
      "1": 4,
      "2": 4,
      "3": 4,
      "4": 4,
      "5": 12,
      "6": 12,
      "7": 8,
      "8": 12,
      "9": 12,
      "10": 0
    },
    "f": { "0": 12, "1": 8, "2": 0 },
    "b": { "0": [4], "1": [4], "2": [12], "3": [8, 4], "4": [0, 12] }
  },
  "/home/tynnp/Desktop/Nhap mon DevOps/source/frontend/src/api/client.ts": {
    "path": "/home/tynnp/Desktop/Nhap mon DevOps/source/frontend/src/api/client.ts",
    "statementMap": {
      "0": {
        "start": { "line": 11, "column": 21 },
        "end": { "line": 11, "column": 27 }
      },
      "1": {
        "start": { "line": 17, "column": 16 },
        "end": { "line": 17, "column": 57 }
      },
      "2": {
        "start": { "line": 19, "column": 18 },
        "end": { "line": 19, "column": 52 }
      },
      "3": {
        "start": { "line": 20, "column": 2 },
        "end": { "line": 22, "column": 3 }
      },
      "4": {
        "start": { "line": 21, "column": 4 },
        "end": { "line": 21, "column": 52 }
      },
      "5": {
        "start": { "line": 23, "column": 2 },
        "end": { "line": 25, "column": 3 }
      },
      "6": {
        "start": { "line": 24, "column": 4 },
        "end": { "line": 24, "column": 52 }
      },
      "7": {
        "start": { "line": 27, "column": 30 },
        "end": { "line": 30, "column": 4 }
      },
      "8": {
        "start": { "line": 32, "column": 19 },
        "end": { "line": 32, "column": 68 }
      },
      "9": {
        "start": { "line": 34, "column": 2 },
        "end": { "line": 39, "column": 3 }
      },
      "10": {
        "start": { "line": 35, "column": 4 },
        "end": { "line": 35, "column": 49 }
      },
      "11": {
        "start": { "line": 36, "column": 4 },
        "end": { "line": 38, "column": 5 }
      },
      "12": {
        "start": { "line": 37, "column": 6 },
        "end": { "line": 37, "column": 38 }
      },
      "13": {
        "start": { "line": 42, "column": 2 },
        "end": { "line": 53, "column": 3 }
      },
      "14": {
        "start": { "line": 43, "column": 4 },
        "end": { "line": 43, "column": 35 }
      },
      "15": {
        "start": { "line": 45, "column": 4 },
        "end": { "line": 52, "column": 6 }
      },
      "16": {
        "start": { "line": 55, "column": 2 },
        "end": { "line": 62, "column": 3 }
      },
      "17": {
        "start": { "line": 56, "column": 24 },
        "end": { "line": 60, "column": 6 }
      },
      "18": {
        "start": { "line": 61, "column": 4 },
        "end": { "line": 61, "column": 61 }
      },
      "19": {
        "start": { "line": 64, "column": 2 },
        "end": { "line": 64, "column": 16 }
      },
      "20": {
        "start": { "line": 67, "column": 13 },
        "end": { "line": 87, "column": 2 }
      },
      "21": {
        "start": { "line": 69, "column": 4 },
        "end": { "line": 69, "column": 55 }
      },
      "22": {
        "start": { "line": 72, "column": 4 },
        "end": { "line": 76, "column": 6 }
      },
      "23": {
        "start": { "line": 79, "column": 4 },
        "end": { "line": 83, "column": 6 }
      },
      "24": {
        "start": { "line": 86, "column": 4 },
        "end": { "line": 86, "column": 58 }
      }
    },
    "fnMap": {
      "0": {
        "name": "request",
        "decl": {
          "start": { "line": 13, "column": 15 },
          "end": { "line": 13, "column": 22 }
        },
        "loc": {
          "start": { "line": 15, "column": 27 },
          "end": { "line": 65, "column": 1 }
        }
      },
      "1": {
        "name": "(anonymous_1)",
        "decl": {
          "start": { "line": 68, "column": 7 },
          "end": { "line": 68, "column": 17 }
        },
        "loc": {
          "start": { "line": 69, "column": 4 },
          "end": { "line": 69, "column": 55 }
        }
      },
      "2": {
        "name": "(anonymous_2)",
        "decl": {
          "start": { "line": 71, "column": 8 },
          "end": { "line": 71, "column": 18 }
        },
        "loc": {
          "start": { "line": 72, "column": 4 },
          "end": { "line": 76, "column": 6 }
        }
      },
      "3": {
        "name": "(anonymous_3)",
        "decl": {
          "start": { "line": 78, "column": 9 },
          "end": { "line": 78, "column": 19 }
        },
        "loc": {
          "start": { "line": 79, "column": 4 },
          "end": { "line": 83, "column": 6 }
        }
      },
      "4": {
        "name": "(anonymous_4)",
        "decl": {
          "start": { "line": 85, "column": 10 },
          "end": { "line": 85, "column": 20 }
        },
        "loc": {
          "start": { "line": 86, "column": 4 },
          "end": { "line": 86, "column": 58 }
        }
      }
    },
    "branchMap": {
      "0": {
        "loc": {
          "start": { "line": 15, "column": 2 },
          "end": { "line": 15, "column": 27 }
        },
        "type": "default-arg",
        "locations": [
          {
            "start": { "line": 15, "column": 25 },
            "end": { "line": 15, "column": 27 }
          }
        ]
      },
      "1": {
        "loc": {
          "start": { "line": 19, "column": 30 },
          "end": { "line": 19, "column": 51 }
        },
        "type": "binary-expr",
        "locations": [
          {
            "start": { "line": 19, "column": 30 },
            "end": { "line": 19, "column": 45 }
          },
          {
            "start": { "line": 19, "column": 49 },
            "end": { "line": 19, "column": 51 }
          }
        ]
      },
      "2": {
        "loc": {
          "start": { "line": 20, "column": 2 },
          "end": { "line": 22, "column": 3 }
        },
        "type": "if",
        "locations": [
          {
            "start": { "line": 20, "column": 2 },
            "end": { "line": 22, "column": 3 }
          }
        ]
      },
      "3": {
        "loc": {
          "start": { "line": 23, "column": 2 },
          "end": { "line": 25, "column": 3 }
        },
        "type": "if",
        "locations": [
          {
            "start": { "line": 23, "column": 2 },
            "end": { "line": 25, "column": 3 }
          }
        ]
      },
      "4": {
        "loc": {
          "start": { "line": 23, "column": 6 },
          "end": { "line": 23, "column": 73 }
        },
        "type": "binary-expr",
        "locations": [
          {
            "start": { "line": 23, "column": 6 },
            "end": { "line": 23, "column": 41 }
          },
          {
            "start": { "line": 23, "column": 45 },
            "end": { "line": 23, "column": 73 }
          }
        ]
      },
      "5": {
        "loc": {
          "start": { "line": 34, "column": 2 },
          "end": { "line": 39, "column": 3 }
        },
        "type": "if",
        "locations": [
          {
            "start": { "line": 34, "column": 2 },
            "end": { "line": 39, "column": 3 }
          }
        ]
      },
      "6": {
        "loc": {
          "start": { "line": 36, "column": 4 },
          "end": { "line": 38, "column": 5 }
        },
        "type": "if",
        "locations": [
          {
            "start": { "line": 36, "column": 4 },
            "end": { "line": 38, "column": 5 }
          }
        ]
      },
      "7": {
        "loc": {
          "start": { "line": 55, "column": 2 },
          "end": { "line": 62, "column": 3 }
        },
        "type": "if",
        "locations": [
          {
            "start": { "line": 55, "column": 2 },
            "end": { "line": 62, "column": 3 }
          }
        ]
      },
      "8": {
        "loc": {
          "start": { "line": 56, "column": 24 },
          "end": { "line": 60, "column": 6 }
        },
        "type": "binary-expr",
        "locations": [
          {
            "start": { "line": 56, "column": 24 },
            "end": { "line": 56, "column": 37 }
          },
          {
            "start": { "line": 56, "column": 41 },
            "end": { "line": 60, "column": 6 }
          }
        ]
      },
      "9": {
        "loc": {
          "start": { "line": 58, "column": 15 },
          "end": { "line": 58, "column": 57 }
        },
        "type": "binary-expr",
        "locations": [
          {
            "start": { "line": 58, "column": 15 },
            "end": { "line": 58, "column": 29 }
          },
          {
            "start": { "line": 58, "column": 33 },
            "end": { "line": 58, "column": 57 }
          }
        ]
      },
      "10": {
        "loc": {
          "start": { "line": 61, "column": 20 },
          "end": { "line": 61, "column": 59 }
        },
        "type": "binary-expr",
        "locations": [
          {
            "start": { "line": 61, "column": 20 },
            "end": { "line": 61, "column": 39 }
          },
          {
            "start": { "line": 61, "column": 43 },
            "end": { "line": 61, "column": 59 }
          }
        ]
      },
      "11": {
        "loc": {
          "start": { "line": 75, "column": 12 },
          "end": { "line": 75, "column": 51 }
        },
        "type": "cond-expr",
        "locations": [
          {
            "start": { "line": 75, "column": 19 },
            "end": { "line": 75, "column": 39 }
          },
          {
            "start": { "line": 75, "column": 42 },
            "end": { "line": 75, "column": 51 }
          }
        ]
      },
      "12": {
        "loc": {
          "start": { "line": 82, "column": 12 },
          "end": { "line": 82, "column": 51 }
        },
        "type": "cond-expr",
        "locations": [
          {
            "start": { "line": 82, "column": 19 },
            "end": { "line": 82, "column": 39 }
          },
          {
            "start": { "line": 82, "column": 42 },
            "end": { "line": 82, "column": 51 }
          }
        ]
      }
    },
    "s": {
      "0": 1,
      "1": 7,
      "2": 7,
      "3": 7,
      "4": 3,
      "5": 7,
      "6": 7,
      "7": 7,
      "8": 7,
      "9": 7,
      "10": 3,
      "11": 3,
      "12": 2,
      "13": 7,
      "14": 7,
      "15": 1,
      "16": 7,
      "17": 4,
      "18": 4,
      "19": 3,
      "20": 1,
      "21": 4,
      "22": 3,
      "23": 0,
      "24": 0
    },
    "f": { "0": 7, "1": 4, "2": 3, "3": 0, "4": 0 },
    "b": {
      "0": [0],
      "1": [7, 7],
      "2": [3],
      "3": [7],
      "4": [7, 7],
      "5": [3],
      "6": [2],
      "7": [4],
      "8": [4, 0],
      "9": [0, 0],
      "10": [4, 0],
      "11": [3, 0],
      "12": [0, 0]
    }
  },
  "/home/tynnp/Desktop/Nhap mon DevOps/source/frontend/src/components/ProtectedRoute.tsx": {
    "path": "/home/tynnp/Desktop/Nhap mon DevOps/source/frontend/src/components/ProtectedRoute.tsx",
    "statementMap": {
      "0": {
        "start": { "line": 1, "column": 0 },
        "end": { "line": 1, "column": 26 }
      },
      "1": {
        "start": { "line": 2, "column": 0 },
        "end": { "line": 2, "column": 44 }
      },
      "2": {
        "start": { "line": 3, "column": 0 },
        "end": { "line": 3, "column": 49 }
      },
      "3": {
        "start": { "line": 5, "column": 71 },
        "end": { "line": 21, "column": 1 }
      },
      "4": {
        "start": { "line": 6, "column": 39 },
        "end": { "line": 6, "column": 48 }
      },
      "5": {
        "start": { "line": 8, "column": 2 },
        "end": { "line": 14, "column": 3 }
      },
      "6": {
        "start": { "line": 9, "column": 4 },
        "end": { "line": 13, "column": 6 }
      },
      "7": {
        "start": { "line": 16, "column": 2 },
        "end": { "line": 18, "column": 3 }
      },
      "8": {
        "start": { "line": 17, "column": 4 },
        "end": { "line": 17, "column": 44 }
      },
      "9": {
        "start": { "line": 20, "column": 2 },
        "end": { "line": 20, "column": 25 }
      },
      "10": {
        "start": { "line": 5, "column": 13 },
        "end": { "line": 5, "column": 71 }
      },
      "11": {
        "start": { "line": 22, "column": 0 },
        "end": { "line": 22, "column": 30 }
      }
    },
    "fnMap": {
      "0": {
        "name": "(anonymous_1)",
        "decl": {
          "start": { "line": 5, "column": 71 },
          "end": { "line": 5, "column": 72 }
        },
        "loc": {
          "start": { "line": 5, "column": 88 },
          "end": { "line": 21, "column": 1 }
        }
      }
    },
    "branchMap": {
      "0": {
        "loc": {
          "start": { "line": 8, "column": 2 },
          "end": { "line": 14, "column": 3 }
        },
        "type": "if",
        "locations": [
          {
            "start": { "line": 8, "column": 2 },
            "end": { "line": 14, "column": 3 }
          }
        ]
      },
      "1": {
        "loc": {
          "start": { "line": 16, "column": 2 },
          "end": { "line": 18, "column": 3 }
        },
        "type": "if",
        "locations": [
          {
            "start": { "line": 16, "column": 2 },
            "end": { "line": 18, "column": 3 }
          }
        ]
      }
    },
    "s": {
      "0": 1,
      "1": 1,
      "2": 1,
      "3": 1,
      "4": 3,
      "5": 3,
      "6": 1,
      "7": 2,
      "8": 1,
      "9": 1,
      "10": 1,
      "11": 1
    },
    "f": { "0": 3 },
    "b": { "0": [1], "1": [1] }
  },
  "/home/tynnp/Desktop/Nhap mon DevOps/source/frontend/src/context/AuthContext.tsx": {
    "path": "/home/tynnp/Desktop/Nhap mon DevOps/source/frontend/src/context/AuthContext.tsx",
    "statementMap": {
      "0": {
        "start": { "line": 1, "column": 0 },
        "end": { "line": 1, "column": 78 }
      },
      "1": {
        "start": { "line": 2, "column": 0 },
        "end": { "line": 2, "column": 36 }
      },
      "2": {
        "start": { "line": 23, "column": 20 },
        "end": { "line": 23, "column": 73 }
      },
      "3": {
        "start": { "line": 25, "column": 69 },
        "end": { "line": 99, "column": 1 }
      },
      "4": {
        "start": { "line": 26, "column": 32 },
        "end": { "line": 26, "column": 69 }
      },
      "5": {
        "start": { "line": 27, "column": 48 },
        "end": { "line": 27, "column": 72 }
      },
      "6": {
        "start": { "line": 28, "column": 32 },
        "end": { "line": 28, "column": 55 }
      },
      "7": {
        "start": { "line": 30, "column": 23 },
        "end": { "line": 44, "column": 3 }
      },
      "8": {
        "start": { "line": 31, "column": 4 },
        "end": { "line": 43, "column": 5 }
      },
      "9": {
        "start": { "line": 32, "column": 18 },
        "end": { "line": 32, "column": 54 }
      },
      "10": {
        "start": { "line": 33, "column": 6 },
        "end": { "line": 38, "column": 7 }
      },
      "11": {
        "start": { "line": 34, "column": 8 },
        "end": { "line": 34, "column": 29 }
      },
      "12": {
        "start": { "line": 35, "column": 8 },
        "end": { "line": 35, "column": 33 }
      },
      "13": {
        "start": { "line": 37, "column": 8 },
        "end": { "line": 37, "column": 26 }
      },
      "14": {
        "start": { "line": 40, "column": 6 },
        "end": { "line": 40, "column": 51 }
      },
      "15": {
        "start": { "line": 41, "column": 6 },
        "end": { "line": 41, "column": 23 }
      },
      "16": {
        "start": { "line": 42, "column": 6 },
        "end": { "line": 42, "column": 32 }
      },
      "17": {
        "start": { "line": 46, "column": 2 },
        "end": { "line": 55, "column": 9 }
      },
      "18": {
        "start": { "line": 47, "column": 21 },
        "end": { "line": 53, "column": 5 }
      },
      "19": {
        "start": { "line": 48, "column": 20 },
        "end": { "line": 48, "column": 61 }
      },
      "20": {
        "start": { "line": 49, "column": 6 },
        "end": { "line": 51, "column": 7 }
      },
      "21": {
        "start": { "line": 50, "column": 8 },
        "end": { "line": 50, "column": 29 }
      },
      "22": {
        "start": { "line": 52, "column": 6 },
        "end": { "line": 52, "column": 24 }
      },
      "23": {
        "start": { "line": 54, "column": 4 },
        "end": { "line": 54, "column": 15 }
      },
      "24": {
        "start": { "line": 57, "column": 16 },
        "end": { "line": 64, "column": 3 }
      },
      "25": {
        "start": { "line": 58, "column": 16 },
        "end": { "line": 58, "column": 66 }
      },
      "26": {
        "start": { "line": 59, "column": 4 },
        "end": { "line": 62, "column": 5 }
      },
      "27": {
        "start": { "line": 60, "column": 6 },
        "end": { "line": 60, "column": 71 }
      },
      "28": {
        "start": { "line": 61, "column": 6 },
        "end": { "line": 61, "column": 27 }
      },
      "29": {
        "start": { "line": 63, "column": 4 },
        "end": { "line": 63, "column": 15 }
      },
      "30": {
        "start": { "line": 66, "column": 17 },
        "end": { "line": 75, "column": 3 }
      },
      "31": {
        "start": { "line": 67, "column": 4 },
        "end": { "line": 74, "column": 5 }
      },
      "32": {
        "start": { "line": 68, "column": 6 },
        "end": { "line": 68, "column": 37 }
      },
      "33": {
        "start": { "line": 71, "column": 6 },
        "end": { "line": 71, "column": 51 }
      },
      "34": {
        "start": { "line": 72, "column": 6 },
        "end": { "line": 72, "column": 23 }
      },
      "35": {
        "start": { "line": 73, "column": 6 },
        "end": { "line": 73, "column": 32 }
      },
      "36": {
        "start": { "line": 77, "column": 24 },
        "end": { "line": 82, "column": 3 }
      },
      "37": {
        "start": { "line": 78, "column": 16 },
        "end": { "line": 78, "column": 79 }
      },
      "38": {
        "start": { "line": 79, "column": 4 },
        "end": { "line": 81, "column": 5 }
      },
      "39": {
        "start": { "line": 80, "column": 6 },
        "end": { "line": 80, "column": 27 }
      },
      "40": {
        "start": { "line": 84, "column": 2 },
        "end": { "line": 98, "column": 4 }
      },
      "41": {
        "start": { "line": 25, "column": 13 },
        "end": { "line": 25, "column": 69 }
      },
      "42": {
        "start": { "line": 101, "column": 23 },
        "end": { "line": 107, "column": 1 }
      },
      "43": {
        "start": { "line": 102, "column": 18 },
        "end": { "line": 102, "column": 41 }
      },
      "44": {
        "start": { "line": 103, "column": 2 },
        "end": { "line": 105, "column": 3 }
      },
      "45": {
        "start": { "line": 104, "column": 4 },
        "end": { "line": 104, "column": 72 }
      },
      "46": {
        "start": { "line": 106, "column": 2 },
        "end": { "line": 106, "column": 17 }
      },
      "47": {
        "start": { "line": 101, "column": 13 },
        "end": { "line": 101, "column": 23 }
      }
    },
    "fnMap": {
      "0": {
        "name": "(anonymous_6)",
        "decl": {
          "start": { "line": 25, "column": 69 },
          "end": { "line": 25, "column": 70 }
        },
        "loc": {
          "start": { "line": 25, "column": 86 },
          "end": { "line": 99, "column": 1 }
        }
      },
      "1": {
        "name": "(anonymous_7)",
        "decl": {
          "start": { "line": 30, "column": 23 },
          "end": { "line": 30, "column": 28 }
        },
        "loc": {
          "start": { "line": 30, "column": 34 },
          "end": { "line": 44, "column": 3 }
        }
      },
      "2": {
        "name": "(anonymous_8)",
        "decl": {
          "start": { "line": 46, "column": 12 },
          "end": { "line": 46, "column": 15 }
        },
        "loc": {
          "start": { "line": 46, "column": 17 },
          "end": { "line": 55, "column": 3 }
        }
      },
      "3": {
        "name": "(anonymous_9)",
        "decl": {
          "start": { "line": 47, "column": 21 },
          "end": { "line": 47, "column": 26 }
        },
        "loc": {
          "start": { "line": 47, "column": 32 },
          "end": { "line": 53, "column": 5 }
        }
      },
      "4": {
        "name": "(anonymous_10)",
        "decl": {
          "start": { "line": 57, "column": 16 },
          "end": { "line": 57, "column": 21 }
        },
        "loc": {
          "start": { "line": 57, "column": 58 },
          "end": { "line": 64, "column": 3 }
        }
      },
      "5": {
        "name": "(anonymous_11)",
        "decl": {
          "start": { "line": 66, "column": 17 },
          "end": { "line": 66, "column": 22 }
        },
        "loc": {
          "start": { "line": 66, "column": 28 },
          "end": { "line": 75, "column": 3 }
        }
      },
      "6": {
        "name": "(anonymous_12)",
        "decl": {
          "start": { "line": 77, "column": 24 },
          "end": { "line": 77, "column": 29 }
        },
        "loc": {
          "start": { "line": 77, "column": 51 },
          "end": { "line": 82, "column": 3 }
        }
      },
      "7": {
        "name": "(anonymous_13)",
        "decl": {
          "start": { "line": 101, "column": 23 },
          "end": { "line": 101, "column": 26 }
        },
        "loc": {
          "start": { "line": 101, "column": 28 },
          "end": { "line": 107, "column": 1 }
        }
      }
    },
    "branchMap": {
      "0": {
        "loc": {
          "start": { "line": 33, "column": 6 },
          "end": { "line": 38, "column": 7 }
        },
        "type": "if",
        "locations": [
          {
            "start": { "line": 33, "column": 6 },
            "end": { "line": 38, "column": 7 }
          },
          {
            "start": { "line": 36, "column": 13 },
            "end": { "line": 38, "column": 7 }
          }
        ]
      },
      "1": {
        "loc": {
          "start": { "line": 49, "column": 6 },
          "end": { "line": 51, "column": 7 }
        },
        "type": "if",
        "locations": [
          {
            "start": { "line": 49, "column": 6 },
            "end": { "line": 51, "column": 7 }
          }
        ]
      },
      "2": {
        "loc": {
          "start": { "line": 59, "column": 4 },
          "end": { "line": 62, "column": 5 }
        },
        "type": "if",
        "locations": [
          {
            "start": { "line": 59, "column": 4 },
            "end": { "line": 62, "column": 5 }
          }
        ]
      },
      "3": {
        "loc": {
          "start": { "line": 59, "column": 8 },
          "end": { "line": 59, "column": 45 }
        },
        "type": "binary-expr",
        "locations": [
          {
            "start": { "line": 59, "column": 8 },
            "end": { "line": 59, "column": 19 }
          },
          {
            "start": { "line": 59, "column": 23 },
            "end": { "line": 59, "column": 45 }
          }
        ]
      },
      "4": {
        "loc": {
          "start": { "line": 79, "column": 4 },
          "end": { "line": 81, "column": 5 }
        },
        "type": "if",
        "locations": [
          {
            "start": { "line": 79, "column": 4 },
            "end": { "line": 81, "column": 5 }
          }
        ]
      },
      "5": {
        "loc": {
          "start": { "line": 103, "column": 2 },
          "end": { "line": 105, "column": 3 }
        },
        "type": "if",
        "locations": [
          {
            "start": { "line": 103, "column": 2 },
            "end": { "line": 105, "column": 3 }
          }
        ]
      }
    },
    "s": {
      "0": 4,
      "1": 4,
      "2": 4,
      "3": 4,
      "4": 13,
      "5": 13,
      "6": 13,
      "7": 13,
      "8": 4,
      "9": 4,
      "10": 4,
      "11": 4,
      "12": 4,
      "13": 0,
      "14": 0,
      "15": 0,
      "16": 0,
      "17": 13,
      "18": 5,
      "19": 5,
      "20": 5,
      "21": 3,
      "22": 5,
      "23": 5,
      "24": 13,
      "25": 1,
      "26": 1,
      "27": 1,
      "28": 1,
      "29": 1,
      "30": 13,
      "31": 1,
      "32": 1,
      "33": 1,
      "34": 1,
      "35": 1,
      "36": 13,
      "37": 1,
      "38": 1,
      "39": 1,
      "40": 13,
      "41": 4,
      "42": 4,
      "43": 18,
      "44": 17,
      "45": 4,
      "46": 13,
      "47": 4
    },
    "f": { "0": 13, "1": 4, "2": 5, "3": 5, "4": 1, "5": 1, "6": 1, "7": 18 },
    "b": { "0": [4, 0], "1": [3], "2": [1], "3": [1, 1], "4": [1], "5": [4] }
  },
  "/home/tynnp/Desktop/Nhap mon DevOps/source/frontend/src/layouts/StudentLayout.tsx": {
    "path": "/home/tynnp/Desktop/Nhap mon DevOps/source/frontend/src/layouts/StudentLayout.tsx",
    "statementMap": {
      "0": {
        "start": { "line": 1, "column": 0 },
        "end": { "line": 1, "column": 26 }
      },
      "1": {
        "start": { "line": 2, "column": 0 },
        "end": { "line": 2, "column": 61 }
      },
      "2": {
        "start": { "line": 3, "column": 0 },
        "end": { "line": 3, "column": 49 }
      },
      "3": {
        "start": { "line": 5, "column": 39 },
        "end": { "line": 74, "column": 1 }
      },
      "4": {
        "start": { "line": 6, "column": 47 },
        "end": { "line": 6, "column": 56 }
      },
      "5": {
        "start": { "line": 7, "column": 19 },
        "end": { "line": 7, "column": 32 }
      },
      "6": {
        "start": { "line": 9, "column": 23 },
        "end": { "line": 12, "column": 3 }
      },
      "7": {
        "start": { "line": 10, "column": 4 },
        "end": { "line": 10, "column": 19 }
      },
      "8": {
        "start": { "line": 11, "column": 4 },
        "end": { "line": 11, "column": 23 }
      },
      "9": {
        "start": { "line": 14, "column": 2 },
        "end": { "line": 73, "column": 4 }
      },
      "10": {
        "start": { "line": 5, "column": 13 },
        "end": { "line": 5, "column": 39 }
      },
      "11": {
        "start": { "line": 76, "column": 0 },
        "end": { "line": 76, "column": 29 }
      }
    },
    "fnMap": {
      "0": {
        "name": "(anonymous_1)",
        "decl": {
          "start": { "line": 5, "column": 39 },
          "end": { "line": 5, "column": 42 }
        },
        "loc": {
          "start": { "line": 5, "column": 44 },
          "end": { "line": 74, "column": 1 }
        }
      },
      "1": {
        "name": "(anonymous_2)",
        "decl": {
          "start": { "line": 9, "column": 23 },
          "end": { "line": 9, "column": 28 }
        },
        "loc": {
          "start": { "line": 9, "column": 34 },
          "end": { "line": 12, "column": 3 }
        }
      }
    },
    "branchMap": {
      "0": {
        "loc": {
          "start": { "line": 27, "column": 15 },
          "end": { "line": 56, "column": null }
        },
        "type": "cond-expr",
        "locations": [
          {
            "start": { "line": 28, "column": 16 },
            "end": { "line": 40, "column": null }
          },
          {
            "start": { "line": 43, "column": 16 },
            "end": { "line": 55, "column": null }
          }
        ]
      },
      "1": {
        "loc": {
          "start": { "line": 33, "column": 27 },
          "end": { "line": 33, "column": 60 }
        },
        "type": "binary-expr",
        "locations": [
          {
            "start": { "line": 33, "column": 27 },
            "end": { "line": 33, "column": 45 }
          },
          {
            "start": { "line": 33, "column": 49 },
            "end": { "line": 33, "column": 60 }
          }
        ]
      }
    },
    "s": {
      "0": 1,
      "1": 1,
      "2": 1,
      "3": 1,
      "4": 2,
      "5": 2,
      "6": 2,
      "7": 1,
      "8": 1,
      "9": 2,
      "10": 1,
      "11": 1
    },
    "f": { "0": 2, "1": 1 },
    "b": { "0": [1, 1], "1": [1, 0] }
  },
  "/home/tynnp/Desktop/Nhap mon DevOps/source/frontend/src/pages/public/HomePage.tsx": {
    "path": "/home/tynnp/Desktop/Nhap mon DevOps/source/frontend/src/pages/public/HomePage.tsx",
    "statementMap": {
      "0": {
        "start": { "line": 1, "column": 0 },
        "end": { "line": 1, "column": 26 }
      },
      "1": {
        "start": { "line": 2, "column": 0 },
        "end": { "line": 2, "column": 52 }
      },
      "2": {
        "start": { "line": 4, "column": 34 },
        "end": { "line": 76, "column": 1 }
      },
      "3": {
        "start": { "line": 5, "column": 39 },
        "end": { "line": 5, "column": 48 }
      },
      "4": {
        "start": { "line": 7, "column": 2 },
        "end": { "line": 75, "column": 4 }
      },
      "5": {
        "start": { "line": 4, "column": 13 },
        "end": { "line": 4, "column": 34 }
      },
      "6": {
        "start": { "line": 78, "column": 0 },
        "end": { "line": 78, "column": 24 }
      }
    },
    "fnMap": {
      "0": {
        "name": "(anonymous_1)",
        "decl": {
          "start": { "line": 4, "column": 34 },
          "end": { "line": 4, "column": 37 }
        },
        "loc": {
          "start": { "line": 4, "column": 39 },
          "end": { "line": 76, "column": 1 }
        }
      }
    },
    "branchMap": {
      "0": {
        "loc": {
          "start": { "line": 18, "column": 11 },
          "end": { "line": 25, "column": null }
        },
        "type": "cond-expr",
        "locations": [
          {
            "start": { "line": 19, "column": 12 },
            "end": { "line": 20, "column": null }
          },
          {
            "start": { "line": 23, "column": 12 },
            "end": { "line": 23, "column": null }
          }
        ]
      }
    },
    "s": { "0": 1, "1": 1, "2": 1, "3": 2, "4": 2, "5": 1, "6": 1 },
    "f": { "0": 2 },
    "b": { "0": [1, 1] }
  },
  "/home/tynnp/Desktop/Nhap mon DevOps/source/frontend/src/pages/student/ForgotPasswordPage.tsx": {
    "path": "/home/tynnp/Desktop/Nhap mon DevOps/source/frontend/src/pages/student/ForgotPasswordPage.tsx",
    "statementMap": {
      "0": {
        "start": { "line": 1, "column": 0 },
        "end": { "line": 1, "column": 40 }
      },
      "1": {
        "start": { "line": 2, "column": 0 },
        "end": { "line": 2, "column": 53 }
      },
      "2": {
        "start": { "line": 3, "column": 0 },
        "end": { "line": 3, "column": 39 }
      },
      "3": {
        "start": { "line": 5, "column": 44 },
        "end": { "line": 79, "column": 1 }
      },
      "4": {
        "start": { "line": 6, "column": 19 },
        "end": { "line": 6, "column": 32 }
      },
      "5": {
        "start": { "line": 7, "column": 28 },
        "end": { "line": 7, "column": 40 }
      },
      "6": {
        "start": { "line": 8, "column": 32 },
        "end": { "line": 8, "column": 47 }
      },
      "7": {
        "start": { "line": 9, "column": 34 },
        "end": { "line": 9, "column": 63 }
      },
      "8": {
        "start": { "line": 11, "column": 23 },
        "end": { "line": 33, "column": 3 }
      },
      "9": {
        "start": { "line": 12, "column": 4 },
        "end": { "line": 12, "column": 23 }
      },
      "10": {
        "start": { "line": 13, "column": 4 },
        "end": { "line": 13, "column": 22 }
      },
      "11": {
        "start": { "line": 15, "column": 23 },
        "end": { "line": 15, "column": 60 }
      },
      "12": {
        "start": { "line": 16, "column": 4 },
        "end": { "line": 19, "column": 5 }
      },
      "13": {
        "start": { "line": 17, "column": 6 },
        "end": { "line": 17, "column": 95 }
      },
      "14": {
        "start": { "line": 18, "column": 6 },
        "end": { "line": 18, "column": 13 }
      },
      "15": {
        "start": { "line": 21, "column": 4 },
        "end": { "line": 21, "column": 21 }
      },
      "16": {
        "start": { "line": 23, "column": 4 },
        "end": { "line": 32, "column": 5 }
      },
      "17": {
        "start": { "line": 24, "column": 18 },
        "end": { "line": 24, "column": 82 }
      },
      "18": {
        "start": { "line": 25, "column": 6 },
        "end": { "line": 27, "column": 7 }
      },
      "19": {
        "start": { "line": 26, "column": 8 },
        "end": { "line": 26, "column": 90 }
      },
      "20": {
        "start": { "line": 29, "column": 6 },
        "end": { "line": 29, "column": 69 }
      },
      "21": {
        "start": { "line": 31, "column": 6 },
        "end": { "line": 31, "column": 24 }
      },
      "22": {
        "start": { "line": 35, "column": 2 },
        "end": { "line": 78, "column": 4 }
      },
      "23": {
        "start": { "line": 58, "column": 31 },
        "end": { "line": 58, "column": 55 }
      },
      "24": {
        "start": { "line": 5, "column": 13 },
        "end": { "line": 5, "column": 44 }
      },
      "25": {
        "start": { "line": 80, "column": 0 },
        "end": { "line": 80, "column": 34 }
      }
    },
    "fnMap": {
      "0": {
        "name": "(anonymous_6)",
        "decl": {
          "start": { "line": 5, "column": 44 },
          "end": { "line": 5, "column": 47 }
        },
        "loc": {
          "start": { "line": 5, "column": 49 },
          "end": { "line": 79, "column": 1 }
        }
      },
      "1": {
        "name": "(anonymous_7)",
        "decl": {
          "start": { "line": 11, "column": 23 },
          "end": { "line": 11, "column": 28 }
        },
        "loc": {
          "start": { "line": 11, "column": 52 },
          "end": { "line": 33, "column": 3 }
        }
      },
      "2": {
        "name": "(anonymous_8)",
        "decl": {
          "start": { "line": 58, "column": 24 },
          "end": { "line": 58, "column": 25 }
        },
        "loc": {
          "start": { "line": 58, "column": 31 },
          "end": { "line": 58, "column": 55 }
        }
      }
    },
    "branchMap": {
      "0": {
        "loc": {
          "start": { "line": 16, "column": 4 },
          "end": { "line": 19, "column": 5 }
        },
        "type": "if",
        "locations": [
          {
            "start": { "line": 16, "column": 4 },
            "end": { "line": 19, "column": 5 }
          }
        ]
      },
      "1": {
        "loc": {
          "start": { "line": 25, "column": 6 },
          "end": { "line": 27, "column": 7 }
        },
        "type": "if",
        "locations": [
          {
            "start": { "line": 25, "column": 6 },
            "end": { "line": 27, "column": 7 }
          }
        ]
      },
      "2": {
        "loc": {
          "start": { "line": 29, "column": 18 },
          "end": { "line": 29, "column": 67 }
        },
        "type": "binary-expr",
        "locations": [
          {
            "start": { "line": 29, "column": 18 },
            "end": { "line": 29, "column": 29 }
          },
          {
            "start": { "line": 29, "column": 33 },
            "end": { "line": 29, "column": 67 }
          }
        ]
      },
      "3": {
        "loc": {
          "start": { "line": 43, "column": 9 },
          "end": { "line": 46, "column": null }
        },
        "type": "binary-expr",
        "locations": [
          {
            "start": { "line": 43, "column": 9 },
            "end": { "line": 43, "column": 17 }
          },
          {
            "start": { "line": 44, "column": 10 },
            "end": { "line": 45, "column": null }
          }
        ]
      },
      "4": {
        "loc": {
          "start": { "line": 67, "column": 13 },
          "end": { "line": 67, "column": 53 }
        },
        "type": "cond-expr",
        "locations": [
          {
            "start": { "line": 67, "column": 23 },
            "end": { "line": 67, "column": 38 }
          },
          {
            "start": { "line": 67, "column": 41 },
            "end": { "line": 67, "column": 53 }
          }
        ]
      }
    },
    "s": {
      "0": 1,
      "1": 1,
      "2": 1,
      "3": 1,
      "4": 52,
      "5": 52,
      "6": 52,
      "7": 52,
      "8": 52,
      "9": 2,
      "10": 2,
      "11": 2,
      "12": 2,
      "13": 1,
      "14": 1,
      "15": 1,
      "16": 1,
      "17": 1,
      "18": 1,
      "19": 1,
      "20": 0,
      "21": 1,
      "22": 52,
      "23": 47,
      "24": 1,
      "25": 1
    },
    "f": { "0": 52, "1": 2, "2": 47 },
    "b": { "0": [1], "1": [1], "2": [0, 0], "3": [52, 1], "4": [1, 51] }
  },
  "/home/tynnp/Desktop/Nhap mon DevOps/source/frontend/src/pages/student/ForgotVerifyOtpPage.tsx": {
    "path": "/home/tynnp/Desktop/Nhap mon DevOps/source/frontend/src/pages/student/ForgotVerifyOtpPage.tsx",
    "statementMap": {
      "0": {
        "start": { "line": 1, "column": 0 },
        "end": { "line": 1, "column": 51 }
      },
      "1": {
        "start": { "line": 2, "column": 0 },
        "end": { "line": 2, "column": 64 }
      },
      "2": {
        "start": { "line": 3, "column": 0 },
        "end": { "line": 3, "column": 39 }
      },
      "3": {
        "start": { "line": 5, "column": 45 },
        "end": { "line": 150, "column": 1 }
      },
      "4": {
        "start": { "line": 6, "column": 25 },
        "end": { "line": 6, "column": 42 }
      },
      "5": {
        "start": { "line": 7, "column": 19 },
        "end": { "line": 7, "column": 32 }
      },
      "6": {
        "start": { "line": 8, "column": 16 },
        "end": { "line": 8, "column": 47 }
      },
      "7": {
        "start": { "line": 10, "column": 24 },
        "end": { "line": 10, "column": 36 }
      },
      "8": {
        "start": { "line": 11, "column": 32 },
        "end": { "line": 11, "column": 47 }
      },
      "9": {
        "start": { "line": 12, "column": 36 },
        "end": { "line": 12, "column": 51 }
      },
      "10": {
        "start": { "line": 13, "column": 34 },
        "end": { "line": 13, "column": 63 }
      },
      "11": {
        "start": { "line": 14, "column": 38 },
        "end": { "line": 14, "column": 67 }
      },
      "12": {
        "start": { "line": 15, "column": 34 },
        "end": { "line": 15, "column": 45 }
      },
      "13": {
        "start": { "line": 17, "column": 2 },
        "end": { "line": 21, "column": 14 }
      },
      "14": {
        "start": { "line": 18, "column": 4 },
        "end": { "line": 20, "column": 5 }
      },
      "15": {
        "start": { "line": 19, "column": 6 },
        "end": { "line": 19, "column": 63 }
      },
      "16": {
        "start": { "line": 23, "column": 2 },
        "end": { "line": 29, "column": 17 }
      },
      "17": {
        "start": { "line": 24, "column": 4 },
        "end": { "line": 24, "column": 30 }
      },
      "18": {
        "start": { "line": 24, "column": 23 },
        "end": { "line": 24, "column": 30 }
      },
      "19": {
        "start": { "line": 25, "column": 18 },
        "end": { "line": 27, "column": 12 }
      },
      "20": {
        "start": { "line": 26, "column": 6 },
        "end": { "line": 26, "column": 38 }
      },
      "21": {
        "start": { "line": 26, "column": 28 },
        "end": { "line": 26, "column": 36 }
      },
      "22": {
        "start": { "line": 28, "column": 4 },
        "end": { "line": 28, "column": 38 }
      },
      "23": {
        "start": { "line": 28, "column": 17 },
        "end": { "line": 28, "column": 37 }
      },
      "24": {
        "start": { "line": 31, "column": 23 },
        "end": { "line": 62, "column": 3 }
      },
      "25": {
        "start": { "line": 32, "column": 4 },
        "end": { "line": 32, "column": 23 }
      },
      "26": {
        "start": { "line": 33, "column": 4 },
        "end": { "line": 36, "column": 5 }
      },
      "27": {
        "start": { "line": 34, "column": 6 },
        "end": { "line": 34, "column": 51 }
      },
      "28": {
        "start": { "line": 35, "column": 6 },
        "end": { "line": 35, "column": 13 }
      },
      "29": {
        "start": { "line": 38, "column": 4 },
        "end": { "line": 38, "column": 21 }
      },
      "30": {
        "start": { "line": 39, "column": 4 },
        "end": { "line": 39, "column": 22 }
      },
      "31": {
        "start": { "line": 40, "column": 4 },
        "end": { "line": 40, "column": 24 }
      },
      "32": {
        "start": { "line": 42, "column": 4 },
        "end": { "line": 61, "column": 5 }
      },
      "33": {
        "start": { "line": 43, "column": 18 },
        "end": { "line": 46, "column": 8 }
      },
      "34": {
        "start": { "line": 48, "column": 6 },
        "end": { "line": 56, "column": 7 }
      },
      "35": {
        "start": { "line": 49, "column": 8 },
        "end": { "line": 49, "column": 88 }
      },
      "36": {
        "start": { "line": 50, "column": 22 },
        "end": { "line": 50, "column": 42 }
      },
      "37": {
        "start": { "line": 51, "column": 8 },
        "end": { "line": 53, "column": 17 }
      },
      "38": {
        "start": { "line": 52, "column": 10 },
        "end": { "line": 52, "column": 115 }
      },
      "39": {
        "start": { "line": 55, "column": 8 },
        "end": { "line": 55, "column": 63 }
      },
      "40": {
        "start": { "line": 58, "column": 6 },
        "end": { "line": 58, "column": 59 }
      },
      "41": {
        "start": { "line": 60, "column": 6 },
        "end": { "line": 60, "column": 24 }
      },
      "42": {
        "start": { "line": 64, "column": 23 },
        "end": { "line": 86, "column": 3 }
      },
      "43": {
        "start": { "line": 65, "column": 4 },
        "end": { "line": 65, "column": 29 }
      },
      "44": {
        "start": { "line": 65, "column": 22 },
        "end": { "line": 65, "column": 29 }
      },
      "45": {
        "start": { "line": 67, "column": 4 },
        "end": { "line": 67, "column": 23 }
      },
      "46": {
        "start": { "line": 68, "column": 4 },
        "end": { "line": 68, "column": 22 }
      },
      "47": {
        "start": { "line": 69, "column": 4 },
        "end": { "line": 69, "column": 24 }
      },
      "48": {
        "start": { "line": 71, "column": 4 },
        "end": { "line": 85, "column": 5 }
      },
      "49": {
        "start": { "line": 72, "column": 18 },
        "end": { "line": 75, "column": 8 }
      },
      "50": {
        "start": { "line": 77, "column": 6 },
        "end": { "line": 80, "column": 7 }
      },
      "51": {
        "start": { "line": 78, "column": 8 },
        "end": { "line": 78, "column": 77 }
      },
      "52": {
        "start": { "line": 79, "column": 8 },
        "end": { "line": 79, "column": 24 }
      },
      "53": {
        "start": { "line": 82, "column": 6 },
        "end": { "line": 82, "column": 62 }
      },
      "54": {
        "start": { "line": 84, "column": 6 },
        "end": { "line": 84, "column": 26 }
      },
      "55": {
        "start": { "line": 88, "column": 2 },
        "end": { "line": 149, "column": 4 }
      },
      "56": {
        "start": { "line": 121, "column": 31 },
        "end": { "line": 121, "column": 72 }
      },
      "57": {
        "start": { "line": 5, "column": 13 },
        "end": { "line": 5, "column": 45 }
      },
      "58": {
        "start": { "line": 152, "column": 0 },
        "end": { "line": 152, "column": 35 }
      }
    },
    "fnMap": {
      "0": {
        "name": "(anonymous_6)",
        "decl": {
          "start": { "line": 5, "column": 45 },
          "end": { "line": 5, "column": 48 }
        },
        "loc": {
          "start": { "line": 5, "column": 50 },
          "end": { "line": 150, "column": 1 }
        }
      },
      "1": {
        "name": "(anonymous_7)",
        "decl": {
          "start": { "line": 17, "column": 12 },
          "end": { "line": 17, "column": 15 }
        },
        "loc": {
          "start": { "line": 17, "column": 17 },
          "end": { "line": 21, "column": 3 }
        }
      },
      "2": {
        "name": "(anonymous_8)",
        "decl": {
          "start": { "line": 23, "column": 12 },
          "end": { "line": 23, "column": 15 }
        },
        "loc": {
          "start": { "line": 23, "column": 17 },
          "end": { "line": 29, "column": 3 }
        }
      },
      "3": {
        "name": "(anonymous_9)",
        "decl": {
          "start": { "line": 25, "column": 30 },
          "end": { "line": 25, "column": 33 }
        },
        "loc": {
          "start": { "line": 25, "column": 35 },
          "end": { "line": 27, "column": 5 }
        }
      },
      "4": {
        "name": "(anonymous_10)",
        "decl": {
          "start": { "line": 26, "column": 18 },
          "end": { "line": 26, "column": 19 }
        },
        "loc": {
          "start": { "line": 26, "column": 28 },
          "end": { "line": 26, "column": 36 }
        }
      },
      "5": {
        "name": "(anonymous_11)",
        "decl": {
          "start": { "line": 28, "column": 11 },
          "end": { "line": 28, "column": 14 }
        },
        "loc": {
          "start": { "line": 28, "column": 17 },
          "end": { "line": 28, "column": 37 }
        }
      },
      "6": {
        "name": "(anonymous_12)",
        "decl": {
          "start": { "line": 31, "column": 23 },
          "end": { "line": 31, "column": 28 }
        },
        "loc": {
          "start": { "line": 31, "column": 52 },
          "end": { "line": 62, "column": 3 }
        }
      },
      "7": {
        "name": "(anonymous_13)",
        "decl": {
          "start": { "line": 51, "column": 19 },
          "end": { "line": 51, "column": 22 }
        },
        "loc": {
          "start": { "line": 51, "column": 24 },
          "end": { "line": 53, "column": 9 }
        }
      },
      "8": {
        "name": "(anonymous_14)",
        "decl": {
          "start": { "line": 64, "column": 23 },
          "end": { "line": 64, "column": 28 }
        },
        "loc": {
          "start": { "line": 64, "column": 34 },
          "end": { "line": 86, "column": 3 }
        }
      },
      "9": {
        "name": "(anonymous_15)",
        "decl": {
          "start": { "line": 121, "column": 24 },
          "end": { "line": 121, "column": 25 }
        },
        "loc": {
          "start": { "line": 121, "column": 31 },
          "end": { "line": 121, "column": 72 }
        }
      }
    },
    "branchMap": {
      "0": {
        "loc": {
          "start": { "line": 8, "column": 16 },
          "end": { "line": 8, "column": 47 }
        },
        "type": "binary-expr",
        "locations": [
          {
            "start": { "line": 8, "column": 16 },
            "end": { "line": 8, "column": 41 }
          },
          {
            "start": { "line": 8, "column": 45 },
            "end": { "line": 8, "column": 47 }
          }
        ]
      },
      "1": {
        "loc": {
          "start": { "line": 18, "column": 4 },
          "end": { "line": 20, "column": 5 }
        },
        "type": "if",
        "locations": [
          {
            "start": { "line": 18, "column": 4 },
            "end": { "line": 20, "column": 5 }
          }
        ]
      },
      "2": {
        "loc": {
          "start": { "line": 24, "column": 4 },
          "end": { "line": 24, "column": 30 }
        },
        "type": "if",
        "locations": [
          {
            "start": { "line": 24, "column": 4 },
            "end": { "line": 24, "column": 30 }
          }
        ]
      },
      "3": {
        "loc": {
          "start": { "line": 33, "column": 4 },
          "end": { "line": 36, "column": 5 }
        },
        "type": "if",
        "locations": [
          {
            "start": { "line": 33, "column": 4 },
            "end": { "line": 36, "column": 5 }
          }
        ]
      },
      "4": {
        "loc": {
          "start": { "line": 33, "column": 8 },
          "end": { "line": 33, "column": 32 }
        },
        "type": "binary-expr",
        "locations": [
          {
            "start": { "line": 33, "column": 8 },
            "end": { "line": 33, "column": 12 }
          },
          {
            "start": { "line": 33, "column": 16 },
            "end": { "line": 33, "column": 32 }
          }
        ]
      },
      "5": {
        "loc": {
          "start": { "line": 48, "column": 6 },
          "end": { "line": 56, "column": 7 }
        },
        "type": "if",
        "locations": [
          {
            "start": { "line": 48, "column": 6 },
            "end": { "line": 56, "column": 7 }
          },
          {
            "start": { "line": 54, "column": 13 },
            "end": { "line": 56, "column": 7 }
          }
        ]
      },
      "6": {
        "loc": {
          "start": { "line": 48, "column": 10 },
          "end": { "line": 48, "column": 46 }
        },
        "type": "binary-expr",
        "locations": [
          {
            "start": { "line": 48, "column": 10 },
            "end": { "line": 48, "column": 21 }
          },
          {
            "start": { "line": 48, "column": 25 },
            "end": { "line": 48, "column": 46 }
          }
        ]
      },
      "7": {
        "loc": {
          "start": { "line": 58, "column": 18 },
          "end": { "line": 58, "column": 57 }
        },
        "type": "binary-expr",
        "locations": [
          {
            "start": { "line": 58, "column": 18 },
            "end": { "line": 58, "column": 29 }
          },
          {
            "start": { "line": 58, "column": 33 },
            "end": { "line": 58, "column": 57 }
          }
        ]
      },
      "8": {
        "loc": {
          "start": { "line": 65, "column": 4 },
          "end": { "line": 65, "column": 29 }
        },
        "type": "if",
        "locations": [
          {
            "start": { "line": 65, "column": 4 },
            "end": { "line": 65, "column": 29 }
          }
        ]
      },
      "9": {
        "loc": {
          "start": { "line": 77, "column": 6 },
          "end": { "line": 80, "column": 7 }
        },
        "type": "if",
        "locations": [
          {
            "start": { "line": 77, "column": 6 },
            "end": { "line": 80, "column": 7 }
          }
        ]
      },
      "10": {
        "loc": {
          "start": { "line": 82, "column": 18 },
          "end": { "line": 82, "column": 60 }
        },
        "type": "binary-expr",
        "locations": [
          {
            "start": { "line": 82, "column": 18 },
            "end": { "line": 82, "column": 29 }
          },
          {
            "start": { "line": 82, "column": 33 },
            "end": { "line": 82, "column": 60 }
          }
        ]
      },
      "11": {
        "loc": {
          "start": { "line": 99, "column": 9 },
          "end": { "line": 102, "column": null }
        },
        "type": "binary-expr",
        "locations": [
          {
            "start": { "line": 99, "column": 9 },
            "end": { "line": 99, "column": 17 }
          },
          {
            "start": { "line": 100, "column": 10 },
            "end": { "line": 101, "column": null }
          }
        ]
      },
      "12": {
        "loc": {
          "start": { "line": 105, "column": 9 },
          "end": { "line": 108, "column": null }
        },
        "type": "binary-expr",
        "locations": [
          {
            "start": { "line": 105, "column": 9 },
            "end": { "line": 105, "column": 19 }
          },
          {
            "start": { "line": 106, "column": 10 },
            "end": { "line": 107, "column": null }
          }
        ]
      },
      "13": {
        "loc": {
          "start": { "line": 127, "column": 22 },
          "end": { "line": 127, "column": 39 }
        },
        "type": "binary-expr",
        "locations": [
          {
            "start": { "line": 127, "column": 22 },
            "end": { "line": 127, "column": 29 }
          },
          {
            "start": { "line": 127, "column": 33 },
            "end": { "line": 127, "column": 39 }
          }
        ]
      },
      "14": {
        "loc": {
          "start": { "line": 130, "column": 13 },
          "end": { "line": 130, "column": 61 }
        },
        "type": "cond-expr",
        "locations": [
          {
            "start": { "line": 130, "column": 23 },
            "end": { "line": 130, "column": 41 }
          },
          {
            "start": { "line": 130, "column": 44 },
            "end": { "line": 130, "column": 61 }
          }
        ]
      },
      "15": {
        "loc": {
          "start": { "line": 137, "column": 22 },
          "end": { "line": 137, "column": 57 }
        },
        "type": "binary-expr",
        "locations": [
          {
            "start": { "line": 137, "column": 22 },
            "end": { "line": 137, "column": 34 }
          },
          {
            "start": { "line": 137, "column": 38 },
            "end": { "line": 137, "column": 47 }
          },
          {
            "start": { "line": 137, "column": 51 },
            "end": { "line": 137, "column": 57 }
          }
        ]
      },
      "16": {
        "loc": {
          "start": { "line": 140, "column": 13 },
          "end": { "line": 144, "column": 32 }
        },
        "type": "cond-expr",
        "locations": [
          {
            "start": { "line": 141, "column": 16 },
            "end": { "line": 141, "column": 33 }
          },
          {
            "start": { "line": 142, "column": 16 },
            "end": { "line": 144, "column": 32 }
          }
        ]
      },
      "17": {
        "loc": {
          "start": { "line": 142, "column": 16 },
          "end": { "line": 144, "column": 32 }
        },
        "type": "cond-expr",
        "locations": [
          {
            "start": { "line": 143, "column": 16 },
            "end": { "line": 143, "column": 49 }
          },
          {
            "start": { "line": 144, "column": 16 },
            "end": { "line": 144, "column": 32 }
          }
        ]
      }
    },
    "s": {
      "0": 1,
      "1": 1,
      "2": 1,
      "3": 1,
      "4": 8,
      "5": 8,
      "6": 8,
      "7": 8,
      "8": 8,
      "9": 8,
      "10": 8,
      "11": 8,
      "12": 8,
      "13": 8,
      "14": 1,
      "15": 0,
      "16": 8,
      "17": 1,
      "18": 1,
      "19": 0,
      "20": 0,
      "21": 0,
      "22": 0,
      "23": 0,
      "24": 8,
      "25": 1,
      "26": 1,
      "27": 0,
      "28": 0,
      "29": 1,
      "30": 1,
      "31": 1,
      "32": 1,
      "33": 1,
      "34": 1,
      "35": 1,
      "36": 1,
      "37": 1,
      "38": 1,
      "39": 0,
      "40": 0,
      "41": 1,
      "42": 8,
      "43": 0,
      "44": 0,
      "45": 0,
      "46": 0,
      "47": 0,
      "48": 0,
      "49": 0,
      "50": 0,
      "51": 0,
      "52": 0,
      "53": 0,
      "54": 0,
      "55": 8,
      "56": 6,
      "57": 1,
      "58": 1
    },
    "f": {
      "0": 8,
      "1": 1,
      "2": 1,
      "3": 0,
      "4": 0,
      "5": 0,
      "6": 1,
      "7": 1,
      "8": 0,
      "9": 6
    },
    "b": {
      "0": [8, 0],
      "1": [0],
      "2": [1],
      "3": [0],
      "4": [1, 1],
      "5": [1, 0],
      "6": [1, 1],
      "7": [0, 0],
      "8": [0],
      "9": [0],
      "10": [0, 0],
      "11": [8, 0],
      "12": [8, 0],
      "13": [8, 7],
      "14": [1, 7],
      "15": [8, 8, 8],
      "16": [0, 8],
      "17": [0, 8]
    }
  },
  "/home/tynnp/Desktop/Nhap mon DevOps/source/frontend/src/pages/student/LoginPage.tsx": {
    "path": "/home/tynnp/Desktop/Nhap mon DevOps/source/frontend/src/pages/student/LoginPage.tsx",
    "statementMap": {
      "0": {
        "start": { "line": 1, "column": 0 },
        "end": { "line": 1, "column": 40 }
      },
      "1": {
        "start": { "line": 2, "column": 0 },
        "end": { "line": 2, "column": 53 }
      },
      "2": {
        "start": { "line": 3, "column": 0 },
        "end": { "line": 3, "column": 52 }
      },
      "3": {
        "start": { "line": 5, "column": 35 },
        "end": { "line": 109, "column": 1 }
      },
      "4": {
        "start": { "line": 6, "column": 20 },
        "end": { "line": 6, "column": 29 }
      },
      "5": {
        "start": { "line": 7, "column": 19 },
        "end": { "line": 7, "column": 32 }
      },
      "6": {
        "start": { "line": 8, "column": 28 },
        "end": { "line": 8, "column": 40 }
      },
      "7": {
        "start": { "line": 9, "column": 34 },
        "end": { "line": 9, "column": 46 }
      },
      "8": {
        "start": { "line": 10, "column": 32 },
        "end": { "line": 10, "column": 47 }
      },
      "9": {
        "start": { "line": 11, "column": 34 },
        "end": { "line": 11, "column": 63 }
      },
      "10": {
        "start": { "line": 12, "column": 46 },
        "end": { "line": 12, "column": 61 }
      },
      "11": {
        "start": { "line": 14, "column": 23 },
        "end": { "line": 34, "column": 3 }
      },
      "12": {
        "start": { "line": 15, "column": 4 },
        "end": { "line": 15, "column": 23 }
      },
      "13": {
        "start": { "line": 16, "column": 4 },
        "end": { "line": 16, "column": 21 }
      },
      "14": {
        "start": { "line": 17, "column": 4 },
        "end": { "line": 17, "column": 22 }
      },
      "15": {
        "start": { "line": 18, "column": 4 },
        "end": { "line": 18, "column": 29 }
      },
      "16": {
        "start": { "line": 20, "column": 4 },
        "end": { "line": 33, "column": 5 }
      },
      "17": {
        "start": { "line": 21, "column": 18 },
        "end": { "line": 21, "column": 46 }
      },
      "18": {
        "start": { "line": 22, "column": 6 },
        "end": { "line": 24, "column": 7 }
      },
      "19": {
        "start": { "line": 23, "column": 8 },
        "end": { "line": 23, "column": 22 }
      },
      "20": {
        "start": { "line": 26, "column": 18 },
        "end": { "line": 26, "column": 72 }
      },
      "21": {
        "start": { "line": 27, "column": 6 },
        "end": { "line": 27, "column": 23 }
      },
      "22": {
        "start": { "line": 28, "column": 6 },
        "end": { "line": 30, "column": 7 }
      },
      "23": {
        "start": { "line": 29, "column": 8 },
        "end": { "line": 29, "column": 32 }
      },
      "24": {
        "start": { "line": 32, "column": 6 },
        "end": { "line": 32, "column": 24 }
      },
      "25": {
        "start": { "line": 36, "column": 2 },
        "end": { "line": 108, "column": 4 }
      },
      "26": {
        "start": { "line": 69, "column": 31 },
        "end": { "line": 69, "column": 55 }
      },
      "27": {
        "start": { "line": 81, "column": 31 },
        "end": { "line": 81, "column": 58 }
      },
      "28": {
        "start": { "line": 5, "column": 13 },
        "end": { "line": 5, "column": 35 }
      },
      "29": {
        "start": { "line": 110, "column": 0 },
        "end": { "line": 110, "column": 25 }
      }
    },
    "fnMap": {
      "0": {
        "name": "(anonymous_6)",
        "decl": {
          "start": { "line": 5, "column": 35 },
          "end": { "line": 5, "column": 38 }
        },
        "loc": {
          "start": { "line": 5, "column": 40 },
          "end": { "line": 109, "column": 1 }
        }
      },
      "1": {
        "name": "(anonymous_7)",
        "decl": {
          "start": { "line": 14, "column": 23 },
          "end": { "line": 14, "column": 28 }
        },
        "loc": {
          "start": { "line": 14, "column": 52 },
          "end": { "line": 34, "column": 3 }
        }
      },
      "2": {
        "name": "(anonymous_8)",
        "decl": {
          "start": { "line": 69, "column": 24 },
          "end": { "line": 69, "column": 25 }
        },
        "loc": {
          "start": { "line": 69, "column": 31 },
          "end": { "line": 69, "column": 55 }
        }
      },
      "3": {
        "name": "(anonymous_9)",
        "decl": {
          "start": { "line": 81, "column": 24 },
          "end": { "line": 81, "column": 25 }
        },
        "loc": {
          "start": { "line": 81, "column": 31 },
          "end": { "line": 81, "column": 58 }
        }
      }
    },
    "branchMap": {
      "0": {
        "loc": {
          "start": { "line": 22, "column": 6 },
          "end": { "line": 24, "column": 7 }
        },
        "type": "if",
        "locations": [
          {
            "start": { "line": 22, "column": 6 },
            "end": { "line": 24, "column": 7 }
          }
        ]
      },
      "1": {
        "loc": {
          "start": { "line": 26, "column": 18 },
          "end": { "line": 26, "column": 72 }
        },
        "type": "binary-expr",
        "locations": [
          {
            "start": { "line": 26, "column": 18 },
            "end": { "line": 26, "column": 29 }
          },
          {
            "start": { "line": 26, "column": 33 },
            "end": { "line": 26, "column": 72 }
          }
        ]
      },
      "2": {
        "loc": {
          "start": { "line": 28, "column": 6 },
          "end": { "line": 30, "column": 7 }
        },
        "type": "if",
        "locations": [
          {
            "start": { "line": 28, "column": 6 },
            "end": { "line": 30, "column": 7 }
          }
        ]
      },
      "3": {
        "loc": {
          "start": { "line": 28, "column": 10 },
          "end": { "line": 28, "column": 68 }
        },
        "type": "binary-expr",
        "locations": [
          {
            "start": { "line": 28, "column": 10 },
            "end": { "line": 28, "column": 45 }
          },
          {
            "start": { "line": 28, "column": 49 },
            "end": { "line": 28, "column": 68 }
          }
        ]
      },
      "4": {
        "loc": {
          "start": { "line": 44, "column": 9 },
          "end": { "line": 57, "column": null }
        },
        "type": "binary-expr",
        "locations": [
          {
            "start": { "line": 44, "column": 9 },
            "end": { "line": 44, "column": 17 }
          },
          {
            "start": { "line": 45, "column": 10 },
            "end": { "line": 56, "column": null }
          }
        ]
      },
      "5": {
        "loc": {
          "start": { "line": 47, "column": 13 },
          "end": { "line": 55, "column": null }
        },
        "type": "binary-expr",
        "locations": [
          {
            "start": { "line": 47, "column": 13 },
            "end": { "line": 47, "column": 27 }
          },
          {
            "start": { "line": 48, "column": 14 },
            "end": { "line": 54, "column": null }
          }
        ]
      },
      "6": {
        "loc": {
          "start": { "line": 96, "column": 13 },
          "end": { "line": 96, "column": 52 }
        },
        "type": "cond-expr",
        "locations": [
          {
            "start": { "line": 96, "column": 23 },
            "end": { "line": 96, "column": 38 }
          },
          {
            "start": { "line": 96, "column": 41 },
            "end": { "line": 96, "column": 52 }
          }
        ]
      }
    },
    "s": {
      "0": 1,
      "1": 1,
      "2": 1,
      "3": 1,
      "4": 98,
      "5": 98,
      "6": 98,
      "7": 98,
      "8": 98,
      "9": 98,
      "10": 98,
      "11": 98,
      "12": 2,
      "13": 2,
      "14": 2,
      "15": 2,
      "16": 2,
      "17": 2,
      "18": 1,
      "19": 1,
      "20": 1,
      "21": 1,
      "22": 1,
      "23": 1,
      "24": 2,
      "25": 98,
      "26": 62,
      "27": 30,
      "28": 1,
      "29": 1
    },
    "f": { "0": 98, "1": 2, "2": 62, "3": 30 },
    "b": {
      "0": [1],
      "1": [1, 0],
      "2": [1],
      "3": [1, 0],
      "4": [98, 1],
      "5": [1, 1],
      "6": [2, 96]
    }
  },
  "/home/tynnp/Desktop/Nhap mon DevOps/source/frontend/src/pages/student/ProfilePage.tsx": {
    "path": "/home/tynnp/Desktop/Nhap mon DevOps/source/frontend/src/pages/student/ProfilePage.tsx",
    "statementMap": {
      "0": {
        "start": { "line": 1, "column": 0 },
        "end": { "line": 1, "column": 51 }
      },
      "1": {
        "start": { "line": 2, "column": 0 },
        "end": { "line": 2, "column": 39 }
      },
      "2": {
        "start": { "line": 3, "column": 0 },
        "end": { "line": 3, "column": 52 }
      },
      "3": {
        "start": { "line": 14, "column": 37 },
        "end": { "line": 269, "column": 1 }
      },
      "4": {
        "start": { "line": 15, "column": 21 },
        "end": { "line": 15, "column": 30 }
      },
      "5": {
        "start": { "line": 16, "column": 32 },
        "end": { "line": 16, "column": 69 }
      },
      "6": {
        "start": { "line": 17, "column": 34 },
        "end": { "line": 17, "column": 46 }
      },
      "7": {
        "start": { "line": 18, "column": 32 },
        "end": { "line": 18, "column": 46 }
      },
      "8": {
        "start": { "line": 19, "column": 44 },
        "end": { "line": 19, "column": 59 }
      },
      "9": {
        "start": { "line": 20, "column": 50 },
        "end": { "line": 20, "column": 65 }
      },
      "10": {
        "start": { "line": 22, "column": 42 },
        "end": { "line": 22, "column": 71 }
      },
      "11": {
        "start": { "line": 23, "column": 46 },
        "end": { "line": 23, "column": 75 }
      },
      "12": {
        "start": { "line": 25, "column": 48 },
        "end": { "line": 25, "column": 60 }
      },
      "13": {
        "start": { "line": 26, "column": 40 },
        "end": { "line": 26, "column": 52 }
      },
      "14": {
        "start": { "line": 27, "column": 48 },
        "end": { "line": 27, "column": 60 }
      },
      "15": {
        "start": { "line": 28, "column": 34 },
        "end": { "line": 28, "column": 63 }
      },
      "16": {
        "start": { "line": 29, "column": 38 },
        "end": { "line": 29, "column": 67 }
      },
      "17": {
        "start": { "line": 31, "column": 23 },
        "end": { "line": 44, "column": 3 }
      },
      "18": {
        "start": { "line": 32, "column": 4 },
        "end": { "line": 43, "column": 5 }
      },
      "19": {
        "start": { "line": 33, "column": 6 },
        "end": { "line": 33, "column": 23 }
      },
      "20": {
        "start": { "line": 34, "column": 18 },
        "end": { "line": 34, "column": 38 }
      },
      "21": {
        "start": { "line": 35, "column": 6 },
        "end": { "line": 38, "column": 7 }
      },
      "22": {
        "start": { "line": 36, "column": 8 },
        "end": { "line": 36, "column": 29 }
      },
      "23": {
        "start": { "line": 37, "column": 8 },
        "end": { "line": 37, "column": 40 }
      },
      "24": {
        "start": { "line": 40, "column": 6 },
        "end": { "line": 40, "column": 76 }
      },
      "25": {
        "start": { "line": 42, "column": 6 },
        "end": { "line": 42, "column": 24 }
      },
      "26": {
        "start": { "line": 46, "column": 2 },
        "end": { "line": 48, "column": 9 }
      },
      "27": {
        "start": { "line": 47, "column": 4 },
        "end": { "line": 47, "column": 19 }
      },
      "28": {
        "start": { "line": 50, "column": 30 },
        "end": { "line": 72, "column": 3 }
      },
      "29": {
        "start": { "line": 51, "column": 4 },
        "end": { "line": 51, "column": 23 }
      },
      "30": {
        "start": { "line": 52, "column": 4 },
        "end": { "line": 52, "column": 26 }
      },
      "31": {
        "start": { "line": 53, "column": 4 },
        "end": { "line": 53, "column": 28 }
      },
      "32": {
        "start": { "line": 55, "column": 4 },
        "end": { "line": 58, "column": 5 }
      },
      "33": {
        "start": { "line": 56, "column": 6 },
        "end": { "line": 56, "column": 65 }
      },
      "34": {
        "start": { "line": 57, "column": 6 },
        "end": { "line": 57, "column": 13 }
      },
      "35": {
        "start": { "line": 60, "column": 4 },
        "end": { "line": 60, "column": 27 }
      },
      "36": {
        "start": { "line": 61, "column": 4 },
        "end": { "line": 71, "column": 5 }
      },
      "37": {
        "start": { "line": 62, "column": 18 },
        "end": { "line": 62, "column": 72 }
      },
      "38": {
        "start": { "line": 63, "column": 6 },
        "end": { "line": 66, "column": 7 }
      },
      "39": {
        "start": { "line": 64, "column": 8 },
        "end": { "line": 64, "column": 29 }
      },
      "40": {
        "start": { "line": 65, "column": 8 },
        "end": { "line": 65, "column": 68 }
      },
      "41": {
        "start": { "line": 68, "column": 6 },
        "end": { "line": 68, "column": 59 }
      },
      "42": {
        "start": { "line": 70, "column": 6 },
        "end": { "line": 70, "column": 30 }
      },
      "43": {
        "start": { "line": 74, "column": 31 },
        "end": { "line": 111, "column": 3 }
      },
      "44": {
        "start": { "line": 75, "column": 4 },
        "end": { "line": 75, "column": 23 }
      },
      "45": {
        "start": { "line": 76, "column": 4 },
        "end": { "line": 76, "column": 22 }
      },
      "46": {
        "start": { "line": 77, "column": 4 },
        "end": { "line": 77, "column": 24 }
      },
      "47": {
        "start": { "line": 79, "column": 4 },
        "end": { "line": 82, "column": 5 }
      },
      "48": {
        "start": { "line": 80, "column": 6 },
        "end": { "line": 80, "column": 53 }
      },
      "49": {
        "start": { "line": 81, "column": 6 },
        "end": { "line": 81, "column": 13 }
      },
      "50": {
        "start": { "line": 83, "column": 4 },
        "end": { "line": 86, "column": 5 }
      },
      "51": {
        "start": { "line": 84, "column": 6 },
        "end": { "line": 84, "column": 62 }
      },
      "52": {
        "start": { "line": 85, "column": 6 },
        "end": { "line": 85, "column": 13 }
      },
      "53": {
        "start": { "line": 87, "column": 4 },
        "end": { "line": 90, "column": 5 }
      },
      "54": {
        "start": { "line": 88, "column": 6 },
        "end": { "line": 88, "column": 50 }
      },
      "55": {
        "start": { "line": 89, "column": 6 },
        "end": { "line": 89, "column": 13 }
      },
      "56": {
        "start": { "line": 92, "column": 4 },
        "end": { "line": 92, "column": 30 }
      },
      "57": {
        "start": { "line": 93, "column": 4 },
        "end": { "line": 110, "column": 5 }
      },
      "58": {
        "start": { "line": 94, "column": 18 },
        "end": { "line": 98, "column": 8 }
      },
      "59": {
        "start": { "line": 100, "column": 6 },
        "end": { "line": 105, "column": 7 }
      },
      "60": {
        "start": { "line": 101, "column": 8 },
        "end": { "line": 101, "column": 100 }
      },
      "61": {
        "start": { "line": 102, "column": 8 },
        "end": { "line": 102, "column": 31 }
      },
      "62": {
        "start": { "line": 103, "column": 8 },
        "end": { "line": 103, "column": 27 }
      },
      "63": {
        "start": { "line": 104, "column": 8 },
        "end": { "line": 104, "column": 31 }
      },
      "64": {
        "start": { "line": 107, "column": 6 },
        "end": { "line": 107, "column": 59 }
      },
      "65": {
        "start": { "line": 109, "column": 6 },
        "end": { "line": 109, "column": 33 }
      },
      "66": {
        "start": { "line": 113, "column": 2 },
        "end": { "line": 119, "column": 3 }
      },
      "67": {
        "start": { "line": 114, "column": 4 },
        "end": { "line": 118, "column": 6 }
      },
      "68": {
        "start": { "line": 121, "column": 2 },
        "end": { "line": 268, "column": 4 }
      },
      "69": {
        "start": { "line": 155, "column": 31 },
        "end": { "line": 155, "column": 39 }
      },
      "70": {
        "start": { "line": 189, "column": 35 },
        "end": { "line": 189, "column": 62 }
      },
      "71": {
        "start": { "line": 228, "column": 35 },
        "end": { "line": 228, "column": 69 }
      },
      "72": {
        "start": { "line": 240, "column": 35 },
        "end": { "line": 240, "column": 65 }
      },
      "73": {
        "start": { "line": 252, "column": 35 },
        "end": { "line": 252, "column": 69 }
      },
      "74": {
        "start": { "line": 14, "column": 13 },
        "end": { "line": 14, "column": 37 }
      },
      "75": {
        "start": { "line": 271, "column": 0 },
        "end": { "line": 271, "column": 27 }
      }
    },
    "fnMap": {
      "0": {
        "name": "(anonymous_6)",
        "decl": {
          "start": { "line": 14, "column": 37 },
          "end": { "line": 14, "column": 40 }
        },
        "loc": {
          "start": { "line": 14, "column": 42 },
          "end": { "line": 269, "column": 1 }
        }
      },
      "1": {
        "name": "(anonymous_7)",
        "decl": {
          "start": { "line": 31, "column": 23 },
          "end": { "line": 31, "column": 28 }
        },
        "loc": {
          "start": { "line": 31, "column": 34 },
          "end": { "line": 44, "column": 3 }
        }
      },
      "2": {
        "name": "(anonymous_8)",
        "decl": {
          "start": { "line": 46, "column": 12 },
          "end": { "line": 46, "column": 15 }
        },
        "loc": {
          "start": { "line": 46, "column": 17 },
          "end": { "line": 48, "column": 3 }
        }
      },
      "3": {
        "name": "(anonymous_9)",
        "decl": {
          "start": { "line": 50, "column": 30 },
          "end": { "line": 50, "column": 35 }
        },
        "loc": {
          "start": { "line": 50, "column": 59 },
          "end": { "line": 72, "column": 3 }
        }
      },
      "4": {
        "name": "(anonymous_10)",
        "decl": {
          "start": { "line": 74, "column": 31 },
          "end": { "line": 74, "column": 36 }
        },
        "loc": {
          "start": { "line": 74, "column": 60 },
          "end": { "line": 111, "column": 3 }
        }
      },
      "5": {
        "name": "(anonymous_11)",
        "decl": {
          "start": { "line": 155, "column": 25 },
          "end": { "line": 155, "column": 28 }
        },
        "loc": {
          "start": { "line": 155, "column": 31 },
[...]
    }
  },
  "/home/tynnp/Desktop/Nhap mon DevOps/source/frontend/src/pages/student/VerifyOtpPage.tsx": {
    "path": "/home/tynnp/Desktop/Nhap mon DevOps/source/frontend/src/pages/student/VerifyOtpPage.tsx",
    "statementMap": {
      "0": {
        "start": { "line": 1, "column": 0 },
        "end": { "line": 1, "column": 51 }
      },
      "1": {
        "start": { "line": 2, "column": 0 },
        "end": { "line": 2, "column": 64 }
      },
      "2": {
        "start": { "line": 3, "column": 0 },
        "end": { "line": 3, "column": 39 }
      },
      "3": {
        "start": { "line": 5, "column": 39 },
        "end": { "line": 148, "column": 1 }
      },
      "4": {
        "start": { "line": 6, "column": 25 },
        "end": { "line": 6, "column": 42 }
      },
      "5": {
        "start": { "line": 7, "column": 19 },
        "end": { "line": 7, "column": 32 }
      },
      "6": {
        "start": { "line": 8, "column": 16 },
        "end": { "line": 8, "column": 47 }
      },
      "7": {
        "start": { "line": 10, "column": 24 },
        "end": { "line": 10, "column": 36 }
      },
      "8": {
        "start": { "line": 11, "column": 32 },
        "end": { "line": 11, "column": 47 }
      },
      "9": {
        "start": { "line": 12, "column": 36 },
        "end": { "line": 12, "column": 51 }
      },
      "10": {
        "start": { "line": 13, "column": 34 },
        "end": { "line": 13, "column": 63 }
      },
      "11": {
        "start": { "line": 14, "column": 38 },
        "end": { "line": 14, "column": 67 }
      },
      "12": {
        "start": { "line": 15, "column": 34 },
        "end": { "line": 15, "column": 45 }
      },
      "13": {
        "start": { "line": 17, "column": 2 },
        "end": { "line": 21, "column": 14 }
      },
      "14": {
        "start": { "line": 18, "column": 4 },
        "end": { "line": 20, "column": 5 }
      },
      "15": {
        "start": { "line": 19, "column": 6 },
        "end": { "line": 19, "column": 63 }
      },
      "16": {
        "start": { "line": 23, "column": 2 },
        "end": { "line": 29, "column": 17 }
      },
      "17": {
        "start": { "line": 24, "column": 4 },
        "end": { "line": 24, "column": 30 }
      },
      "18": {
        "start": { "line": 24, "column": 23 },
        "end": { "line": 24, "column": 30 }
      },
      "19": {
        "start": { "line": 25, "column": 18 },
        "end": { "line": 27, "column": 12 }
      },
      "20": {
        "start": { "line": 26, "column": 6 },
        "end": { "line": 26, "column": 38 }
      },
      "21": {
        "start": { "line": 26, "column": 28 },
        "end": { "line": 26, "column": 36 }
      },
      "22": {
        "start": { "line": 28, "column": 4 },
        "end": { "line": 28, "column": 38 }
      },
      "23": {
        "start": { "line": 28, "column": 17 },
        "end": { "line": 28, "column": 37 }
      },
      "24": {
        "start": { "line": 31, "column": 23 },
        "end": { "line": 60, "column": 3 }
      },
      "25": {
        "start": { "line": 32, "column": 4 },
        "end": { "line": 32, "column": 23 }
      },
      "26": {
        "start": { "line": 33, "column": 4 },
        "end": { "line": 36, "column": 5 }
      },
      "27": {
        "start": { "line": 34, "column": 6 },
        "end": { "line": 34, "column": 51 }
      },
      "28": {
        "start": { "line": 35, "column": 6 },
        "end": { "line": 35, "column": 13 }
      },
      "29": {
        "start": { "line": 38, "column": 4 },
        "end": { "line": 38, "column": 21 }
      },
      "30": {
        "start": { "line": 39, "column": 4 },
        "end": { "line": 39, "column": 22 }
      },
      "31": {
        "start": { "line": 40, "column": 4 },
        "end": { "line": 40, "column": 24 }
      },
      "32": {
        "start": { "line": 42, "column": 4 },
        "end": { "line": 59, "column": 5 }
      },
      "33": {
        "start": { "line": 43, "column": 18 },
        "end": { "line": 47, "column": 8 }
      },
      "34": {
        "start": { "line": 49, "column": 6 },
        "end": { "line": 54, "column": 7 }
      },
      "35": {
        "start": { "line": 50, "column": 8 },
        "end": { "line": 50, "column": 98 }
      },
      "36": {
        "start": { "line": 51, "column": 8 },
        "end": { "line": 53, "column": 17 }
      },
      "37": {
        "start": { "line": 52, "column": 10 },
        "end": { "line": 52, "column": 29 }
      },
      "38": {
        "start": { "line": 56, "column": 6 },
        "end": { "line": 56, "column": 59 }
      },
      "39": {
        "start": { "line": 58, "column": 6 },
        "end": { "line": 58, "column": 24 }
      },
      "40": {
        "start": { "line": 62, "column": 23 },
        "end": { "line": 84, "column": 3 }
      },
      "41": {
        "start": { "line": 63, "column": 4 },
        "end": { "line": 63, "column": 29 }
      },
      "42": {
        "start": { "line": 63, "column": 22 },
        "end": { "line": 63, "column": 29 }
      },
      "43": {
        "start": { "line": 65, "column": 4 },
        "end": { "line": 65, "column": 23 }
      },
      "44": {
        "start": { "line": 66, "column": 4 },
        "end": { "line": 66, "column": 22 }
      },
      "45": {
        "start": { "line": 67, "column": 4 },
        "end": { "line": 67, "column": 24 }
      },
      "46": {
        "start": { "line": 69, "column": 4 },
        "end": { "line": 83, "column": 5 }
      },
      "47": {
        "start": { "line": 70, "column": 18 },
        "end": { "line": 73, "column": 8 }
      },
      "48": {
        "start": { "line": 75, "column": 6 },
        "end": { "line": 78, "column": 7 }
      },
      "49": {
        "start": { "line": 76, "column": 8 },
        "end": { "line": 76, "column": 77 }
      },
      "50": {
        "start": { "line": 77, "column": 8 },
        "end": { "line": 77, "column": 24 }
      },
      "51": {
        "start": { "line": 80, "column": 6 },
        "end": { "line": 80, "column": 62 }
      },
      "52": {
        "start": { "line": 82, "column": 6 },
        "end": { "line": 82, "column": 26 }
      },
      "53": {
        "start": { "line": 86, "column": 2 },
        "end": { "line": 147, "column": 4 }
      },
      "54": {
        "start": { "line": 119, "column": 31 },
        "end": { "line": 119, "column": 72 }
      },
      "55": {
        "start": { "line": 5, "column": 13 },
        "end": { "line": 5, "column": 39 }
      },
      "56": {
        "start": { "line": 149, "column": 0 },
        "end": { "line": 149, "column": 29 }
      }
    },
    "fnMap": {
      "0": {
        "name": "(anonymous_6)",
        "decl": {
          "start": { "line": 5, "column": 39 },
          "end": { "line": 5, "column": 42 }
        },
        "loc": {
          "start": { "line": 5, "column": 44 },
          "end": { "line": 148, "column": 1 }
        }
      },
      "1": {
        "name": "(anonymous_7)",
        "decl": {
          "start": { "line": 17, "column": 12 },
          "end": { "line": 17, "column": 15 }
        },
        "loc": {
          "start": { "line": 17, "column": 17 },
          "end": { "line": 21, "column": 3 }
        }
      },
      "2": {
        "name": "(anonymous_8)",
        "decl": {
          "start": { "line": 23, "column": 12 },
          "end": { "line": 23, "column": 15 }
        },
        "loc": {
          "start": { "line": 23, "column": 17 },
          "end": { "line": 29, "column": 3 }
        }
      },
      "3": {
        "name": "(anonymous_9)",
        "decl": {
          "start": { "line": 25, "column": 30 },
          "end": { "line": 25, "column": 33 }
        },
        "loc": {
          "start": { "line": 25, "column": 35 },
          "end": { "line": 27, "column": 5 }
        }
      },
      "4": {
        "name": "(anonymous_10)",
        "decl": {
          "start": { "line": 26, "column": 18 },
          "end": { "line": 26, "column": 19 }
        },
        "loc": {
          "start": { "line": 26, "column": 28 },
          "end": { "line": 26, "column": 36 }
        }
      },
      "5": {
        "name": "(anonymous_11)",
        "decl": {
          "start": { "line": 28, "column": 11 },
          "end": { "line": 28, "column": 14 }
        },
        "loc": {
          "start": { "line": 28, "column": 17 },
          "end": { "line": 28, "column": 37 }
        }
      },
      "6": {
        "name": "(anonymous_12)",
        "decl": {
          "start": { "line": 31, "column": 23 },
          "end": { "line": 31, "column": 28 }
        },
        "loc": {
          "start": { "line": 31, "column": 52 },
          "end": { "line": 60, "column": 3 }
        }
      },
      "7": {
        "name": "(anonymous_13)",
        "decl": {
          "start": { "line": 51, "column": 19 },
          "end": { "line": 51, "column": 22 }
        },
        "loc": {
          "start": { "line": 51, "column": 24 },
          "end": { "line": 53, "column": 9 }
        }
      },
      "8": {
        "name": "(anonymous_14)",
        "decl": {
          "start": { "line": 62, "column": 23 },
          "end": { "line": 62, "column": 28 }
        },
        "loc": {
          "start": { "line": 62, "column": 34 },
          "end": { "line": 84, "column": 3 }
        }
      },
      "9": {
        "name": "(anonymous_15)",
        "decl": {
          "start": { "line": 119, "column": 24 },
          "end": { "line": 119, "column": 25 }
        },
        "loc": {
          "start": { "line": 119, "column": 31 },
          "end": { "line": 119, "column": 72 }
        }
      }
    },
    "branchMap": {
      "0": {
        "loc": {
          "start": { "line": 8, "column": 16 },
          "end": { "line": 8, "column": 47 }
        },
        "type": "binary-expr",
        "locations": [
          {
            "start": { "line": 8, "column": 16 },
            "end": { "line": 8, "column": 41 }
          },
          {
            "start": { "line": 8, "column": 45 },
            "end": { "line": 8, "column": 47 }
          }
        ]
      },
      "1": {
        "loc": {
          "start": { "line": 18, "column": 4 },
          "end": { "line": 20, "column": 5 }
        },
        "type": "if",
        "locations": [
          {
            "start": { "line": 18, "column": 4 },
            "end": { "line": 20, "column": 5 }
          }
        ]
      },
      "2": {
        "loc": {
          "start": { "line": 24, "column": 4 },
          "end": { "line": 24, "column": 30 }
        },
        "type": "if",
        "locations": [
          {
            "start": { "line": 24, "column": 4 },
            "end": { "line": 24, "column": 30 }
          }
        ]
      },
      "3": {
        "loc": {
          "start": { "line": 33, "column": 4 },
          "end": { "line": 36, "column": 5 }
        },
        "type": "if",
        "locations": [
          {
            "start": { "line": 33, "column": 4 },
            "end": { "line": 36, "column": 5 }
          }
        ]
      },
      "4": {
        "loc": {
          "start": { "line": 33, "column": 8 },
          "end": { "line": 33, "column": 32 }
        },
        "type": "binary-expr",
        "locations": [
          {
            "start": { "line": 33, "column": 8 },
            "end": { "line": 33, "column": 12 }
          },
          {
            "start": { "line": 33, "column": 16 },
            "end": { "line": 33, "column": 32 }
          }
        ]
      },
      "5": {
        "loc": {
          "start": { "line": 49, "column": 6 },
          "end": { "line": 54, "column": 7 }
        },
        "type": "if",
        "locations": [
          {
            "start": { "line": 49, "column": 6 },
            "end": { "line": 54, "column": 7 }
          }
        ]
      },
      "6": {
        "loc": {
          "start": { "line": 56, "column": 18 },
          "end": { "line": 56, "column": 57 }
        },
        "type": "binary-expr",
        "locations": [
          {
            "start": { "line": 56, "column": 18 },
            "end": { "line": 56, "column": 29 }
          },
          {
            "start": { "line": 56, "column": 33 },
            "end": { "line": 56, "column": 57 }
          }
        ]
      },
      "7": {
        "loc": {
          "start": { "line": 63, "column": 4 },
          "end": { "line": 63, "column": 29 }
        },
        "type": "if",
        "locations": [
          {
            "start": { "line": 63, "column": 4 },
            "end": { "line": 63, "column": 29 }
          }
        ]
      },
      "8": {
        "loc": {
          "start": { "line": 75, "column": 6 },
          "end": { "line": 78, "column": 7 }
        },
        "type": "if",
        "locations": [
          {
            "start": { "line": 75, "column": 6 },
            "end": { "line": 78, "column": 7 }
          }
        ]
      },
      "9": {
        "loc": {
          "start": { "line": 80, "column": 18 },
          "end": { "line": 80, "column": 60 }
        },
        "type": "binary-expr",
        "locations": [
          {
            "start": { "line": 80, "column": 18 },
            "end": { "line": 80, "column": 29 }
          },
          {
            "start": { "line": 80, "column": 33 },
            "end": { "line": 80, "column": 60 }
          }
        ]
      },
      "10": {
        "loc": {
          "start": { "line": 97, "column": 9 },
          "end": { "line": 100, "column": null }
        },
        "type": "binary-expr",
        "locations": [
          {
            "start": { "line": 97, "column": 9 },
            "end": { "line": 97, "column": 17 }
          },
          {
            "start": { "line": 98, "column": 10 },
            "end": { "line": 99, "column": null }
          }
        ]
      },
      "11": {
        "loc": {
          "start": { "line": 103, "column": 9 },
          "end": { "line": 106, "column": null }
        },
        "type": "binary-expr",
        "locations": [
          {
            "start": { "line": 103, "column": 9 },
            "end": { "line": 103, "column": 19 }
          },
          {
            "start": { "line": 104, "column": 10 },
            "end": { "line": 105, "column": null }
          }
        ]
      },
      "12": {
        "loc": {
          "start": { "line": 125, "column": 22 },
          "end": { "line": 125, "column": 39 }
        },
        "type": "binary-expr",
        "locations": [
          {
            "start": { "line": 125, "column": 22 },
            "end": { "line": 125, "column": 29 }
          },
          {
            "start": { "line": 125, "column": 33 },
            "end": { "line": 125, "column": 39 }
          }
        ]
      },
      "13": {
        "loc": {
          "start": { "line": 128, "column": 13 },
          "end": { "line": 128, "column": 65 }
        },
        "type": "cond-expr",
        "locations": [
          {
            "start": { "line": 128, "column": 23 },
            "end": { "line": 128, "column": 41 }
          },
          {
            "start": { "line": 128, "column": 44 },
            "end": { "line": 128, "column": 65 }
          }
        ]
      },
      "14": {
        "loc": {
          "start": { "line": 135, "column": 22 },
          "end": { "line": 135, "column": 57 }
        },
        "type": "binary-expr",
        "locations": [
          {
            "start": { "line": 135, "column": 22 },
            "end": { "line": 135, "column": 34 }
          },
          {
            "start": { "line": 135, "column": 38 },
            "end": { "line": 135, "column": 47 }
          },
          {
            "start": { "line": 135, "column": 51 },
            "end": { "line": 135, "column": 57 }
          }
        ]
      },
      "15": {
        "loc": {
          "start": { "line": 138, "column": 13 },
          "end": { "line": 142, "column": 32 }
        },
        "type": "cond-expr",
        "locations": [
          {
            "start": { "line": 139, "column": 16 },
            "end": { "line": 139, "column": 33 }
          },
          {
            "start": { "line": 140, "column": 16 },
            "end": { "line": 142, "column": 32 }
          }
        ]
      },
      "16": {
        "loc": {
          "start": { "line": 140, "column": 16 },
          "end": { "line": 142, "column": 32 }
        },
        "type": "cond-expr",
        "locations": [
          {
            "start": { "line": 141, "column": 16 },
            "end": { "line": 141, "column": 49 }
          },
          {
            "start": { "line": 142, "column": 16 },
            "end": { "line": 142, "column": 32 }
          }
        ]
      }
    },
    "s": {
      "0": 1,
      "1": 1,
      "2": 1,
      "3": 1,
      "4": 18,
      "5": 18,
      "6": 18,
      "7": 18,
      "8": 18,
      "9": 18,
      "10": 18,
      "11": 18,
      "12": 18,
      "13": 18,
      "14": 4,
      "15": 1,
      "16": 18,
      "17": 4,
      "18": 4,
      "19": 0,
      "20": 0,
      "21": 0,
      "22": 0,
      "23": 0,
      "24": 18,
      "25": 2,
      "26": 2,
      "27": 1,
      "28": 1,
      "29": 1,
      "30": 1,
      "31": 1,
      "32": 1,
      "33": 1,
      "34": 1,
      "35": 1,
      "36": 1,
      "37": 0,
      "38": 0,
      "39": 1,
      "40": 18,
      "41": 1,
      "42": 0,
      "43": 1,
      "44": 1,
      "45": 1,
      "46": 1,
      "47": 1,
      "48": 1,
      "49": 1,
      "50": 1,
      "51": 0,
      "52": 1,
      "53": 18,
      "54": 9,
      "55": 1,
      "56": 1
    },
    "f": {
      "0": 18,
      "1": 4,
      "2": 4,
      "3": 0,
      "4": 0,
      "5": 0,
      "6": 2,
      "7": 0,
      "8": 1,
      "9": 9
    },
    "b": {
      "0": [18, 2],
      "1": [1],
      "2": [4],
      "3": [1],
      "4": [2, 2],
      "5": [1],
      "6": [0, 0],
      "7": [0],
      "8": [1],
      "9": [0, 0],
      "10": [18, 2],
      "11": [18, 1],
      "12": [18, 17],
      "13": [1, 17],
      "14": [18, 18, 17],
      "15": [1, 17],
      "16": [0, 17]
    }
  },
  "/home/tynnp/Desktop/Nhap mon DevOps/source/frontend/src/routes/index.tsx": {
    "path": "/home/tynnp/Desktop/Nhap mon DevOps/source/frontend/src/routes/index.tsx",
    "statementMap": {
      "0": {
        "start": { "line": 1, "column": 0 },
        "end": { "line": 1, "column": 65 }
      },
      "1": {
        "start": { "line": 2, "column": 0 },
        "end": { "line": 2, "column": 53 }
      },
      "2": {
        "start": { "line": 3, "column": 0 },
        "end": { "line": 3, "column": 58 }
      },
      "3": {
        "start": { "line": 4, "column": 0 },
        "end": { "line": 4, "column": 48 }
      },
      "4": {
        "start": { "line": 5, "column": 0 },
        "end": { "line": 5, "column": 51 }
      },
      "5": {
        "start": { "line": 6, "column": 0 },
        "end": { "line": 6, "column": 57 }
      },
      "6": {
        "start": { "line": 7, "column": 0 },
        "end": { "line": 7, "column": 59 }
      },
      "7": {
        "start": { "line": 8, "column": 0 },
        "end": { "line": 8, "column": 69 }
      },
      "8": {
        "start": { "line": 9, "column": 0 },
        "end": { "line": 9, "column": 71 }
      },
      "9": {
        "start": { "line": 10, "column": 0 },
        "end": { "line": 10, "column": 67 }
      },
      "10": {
        "start": { "line": 11, "column": 0 },
        "end": { "line": 11, "column": 55 }
      },
      "11": {
        "start": { "line": 13, "column": 13 },
        "end": { "line": 60, "column": 3 }
      }
    },
    "fnMap": {},
    "branchMap": {},
    "s": {
      "0": 0,
      "1": 0,
      "2": 0,
      "3": 0,
      "4": 0,
      "5": 0,
      "6": 0,
      "7": 0,
      "8": 0,
      "9": 0,
      "10": 0,
      "11": 0
    },
    "f": {},
    "b": {}
  }
}
