TN:
SF:src/App.tsx
FN:5,App
FNF:1
FNH:0
FNDA:0,App
DA:1,0
DA:2,0
DA:3,0
DA:6,0
DA:13,0
LF:5
LH:0
BRF:0
BRH:0
end_of_record
TN:
SF:src/__tests__/testUtils.tsx
FN:12,renderWithRouter
FN:17,(anonymous_1)
FN:36,wrapAuth
FNF:3
FNH:2
FNDA:12,renderWithRouter
FNDA:8,(anonymous_1)
FNDA:0,wrapAuth
DA:1,4
DA:3,4
DA:4,4
DA:12,4
DA:13,12
DA:15,12
DA:18,8
DA:25,12
DA:33,12
DA:36,4
DA:37,0
LF:11
LH:10
BRDA:12,0,0,4
BRDA:13,1,0,4
BRDA:13,2,0,12
BRDA:15,3,0,8
BRDA:15,3,1,4
BRDA:25,4,0,0
BRDA:25,4,1,12
BRF:7
BRH:6
end_of_record
TN:
SF:src/api/client.ts
FN:13,request
FN:68,(anonymous_1)
FN:71,(anonymous_2)
FN:78,(anonymous_3)
FN:85,(anonymous_4)
FNF:5
FNH:3
FNDA:7,request
FNDA:4,(anonymous_1)
FNDA:3,(anonymous_2)
FNDA:0,(anonymous_3)
FNDA:0,(anonymous_4)
DA:11,1
DA:17,7
DA:19,7
DA:20,7
DA:21,3
DA:23,7
DA:24,7
DA:27,7
DA:32,7
DA:34,7
DA:35,3
DA:36,3
DA:37,2
DA:42,7
DA:43,7
DA:45,1
DA:55,7
DA:56,4
DA:61,4
DA:64,3
DA:67,1
DA:69,4
DA:72,3
DA:79,0
DA:86,0
LF:25
LH:23
BRDA:15,0,0,0
BRDA:19,1,0,7
BRDA:19,1,1,7
BRDA:20,2,0,3
BRDA:23,3,0,7
BRDA:23,4,0,7
BRDA:23,4,1,7
BRDA:34,5,0,3
BRDA:36,6,0,2
BRDA:55,7,0,4
BRDA:56,8,0,4
BRDA:56,8,1,0
BRDA:58,9,0,0
BRDA:58,9,1,0
BRDA:61,10,0,4
BRDA:61,10,1,0
BRDA:75,11,0,3
BRDA:75,11,1,0
BRDA:82,12,0,0
BRDA:82,12,1,0
BRF:20
BRH:12
end_of_record
TN:
SF:src/components/ProtectedRoute.tsx
FN:5,(anonymous_1)
FNF:1
FNH:1
FNDA:3,(anonymous_1)
DA:1,1
DA:2,1
DA:3,1
DA:5,1
DA:6,3
DA:8,3
DA:9,1
DA:16,2
DA:17,1
DA:20,1
DA:22,1
LF:11
LH:11
BRDA:8,0,0,1
BRDA:16,1,0,1
BRF:2
BRH:2
end_of_record
TN:
SF:src/context/AuthContext.tsx
FN:25,(anonymous_6)
FN:30,(anonymous_7)
FN:46,(anonymous_8)
FN:47,(anonymous_9)
FN:57,(anonymous_10)
FN:66,(anonymous_11)
FN:77,(anonymous_12)
FN:101,(anonymous_13)
FNF:8
FNH:8
FNDA:13,(anonymous_6)
FNDA:4,(anonymous_7)
FNDA:5,(anonymous_8)
FNDA:5,(anonymous_9)
FNDA:1,(anonymous_10)
FNDA:1,(anonymous_11)
FNDA:1,(anonymous_12)
FNDA:18,(anonymous_13)
DA:1,4
DA:2,4
DA:23,4
DA:25,4
DA:26,13
DA:27,13
DA:28,13
DA:30,13
DA:31,4
DA:32,4
DA:33,4
DA:34,4
DA:35,4
DA:37,0
DA:40,0
DA:41,0
DA:42,0
DA:46,13
DA:47,5
DA:48,5
DA:49,5
DA:50,3
DA:52,5
DA:54,5
DA:57,13
DA:58,1
DA:59,1
DA:60,1
DA:61,1
DA:63,1
DA:66,13
DA:67,1
DA:68,1
DA:71,1
DA:72,1
DA:73,1
DA:77,13
DA:78,1
DA:79,1
DA:80,1
DA:84,13
DA:101,4
DA:102,18
DA:103,17
DA:104,4
DA:106,13
LF:46
LH:42
BRDA:33,0,0,4
BRDA:33,0,1,0
BRDA:49,1,0,3
BRDA:59,2,0,1
BRDA:59,3,0,1
BRDA:59,3,1,1
BRDA:79,4,0,1
BRDA:103,5,0,4
BRF:8
BRH:7
end_of_record
TN:
SF:src/layouts/StudentLayout.tsx
FN:5,(anonymous_1)
FN:9,(anonymous_2)
FNF:2
FNH:2
FNDA:2,(anonymous_1)
FNDA:1,(anonymous_2)
DA:1,1
DA:2,1
DA:3,1
DA:5,1
DA:6,2
DA:7,2
DA:9,2
DA:10,1
DA:11,1
DA:14,2
DA:76,1
LF:11
LH:11
BRDA:27,0,0,1
BRDA:27,0,1,1
BRDA:33,1,0,1
BRDA:33,1,1,0
BRF:4
BRH:3
end_of_record
TN:
SF:src/pages/public/HomePage.tsx
FN:4,(anonymous_1)
FNF:1
FNH:1
FNDA:2,(anonymous_1)
DA:1,1
DA:2,1
DA:4,1
DA:5,2
DA:7,2
DA:78,1
LF:6
LH:6
BRDA:18,0,0,1
BRDA:18,0,1,1
BRF:2
BRH:2
end_of_record
TN:
SF:src/pages/student/ForgotPasswordPage.tsx
FN:5,(anonymous_6)
FN:11,(anonymous_7)
FN:58,(anonymous_8)
FNF:3
FNH:3
FNDA:52,(anonymous_6)
FNDA:2,(anonymous_7)
FNDA:47,(anonymous_8)
DA:1,1
DA:2,1
DA:3,1
DA:5,1
DA:6,52
DA:7,52
DA:8,52
DA:9,52
DA:11,52
DA:12,2
DA:13,2
DA:15,2
DA:16,2
DA:17,1
DA:18,1
DA:21,1
DA:23,1
DA:24,1
DA:25,1
DA:26,1
DA:29,0
DA:31,1
DA:35,52
DA:58,47
DA:80,1
LF:25
LH:24
BRDA:16,0,0,1
BRDA:25,1,0,1
BRDA:29,2,0,0
BRDA:29,2,1,0
BRDA:43,3,0,52
BRDA:43,3,1,1
BRDA:67,4,0,1
BRDA:67,4,1,51
BRF:8
BRH:6
end_of_record
TN:
SF:src/pages/student/ForgotVerifyOtpPage.tsx
FN:5,(anonymous_6)
FN:17,(anonymous_7)
FN:23,(anonymous_8)
FN:25,(anonymous_9)
FN:26,(anonymous_10)
FN:28,(anonymous_11)
FN:31,(anonymous_12)
FN:51,(anonymous_13)
FN:64,(anonymous_14)
FN:121,(anonymous_15)
FNF:10
FNH:6
FNDA:8,(anonymous_6)
FNDA:1,(anonymous_7)
FNDA:1,(anonymous_8)
FNDA:0,(anonymous_9)
FNDA:0,(anonymous_10)
FNDA:0,(anonymous_11)
FNDA:1,(anonymous_12)
FNDA:1,(anonymous_13)
FNDA:0,(anonymous_14)
FNDA:6,(anonymous_15)
DA:1,1
DA:2,1
DA:3,1
DA:5,1
DA:6,8
DA:7,8
DA:8,8
DA:10,8
DA:11,8
DA:12,8
DA:13,8
DA:14,8
DA:15,8
DA:17,8
DA:18,1
DA:19,0
DA:23,8
DA:24,1
DA:25,0
DA:26,0
DA:28,0
DA:31,8
DA:32,1
DA:33,1
DA:34,0
DA:35,0
DA:38,1
DA:39,1
DA:40,1
DA:42,1
DA:43,1
DA:48,1
DA:49,1
DA:50,1
DA:51,1
DA:52,1
DA:55,0
DA:58,0
DA:60,1
DA:64,8
DA:65,0
DA:67,0
DA:68,0
DA:69,0
DA:71,0
DA:72,0
DA:77,0
DA:78,0
DA:79,0
DA:82,0
DA:84,0
DA:88,8
DA:121,6
DA:152,1
LF:54
LH:35
BRDA:8,0,0,8
BRDA:8,0,1,0
BRDA:18,1,0,0
BRDA:24,2,0,1
BRDA:33,3,0,0
BRDA:33,4,0,1
BRDA:33,4,1,1
BRDA:48,5,0,1
BRDA:48,5,1,0
BRDA:48,6,0,1
BRDA:48,6,1,1
BRDA:58,7,0,0
BRDA:58,7,1,0
BRDA:65,8,0,0
BRDA:77,9,0,0
BRDA:82,10,0,0
BRDA:82,10,1,0
BRDA:99,11,0,8
BRDA:99,11,1,0
BRDA:105,12,0,8
BRDA:105,12,1,0
BRDA:127,13,0,8
BRDA:127,13,1,7
BRDA:130,14,0,1
BRDA:130,14,1,7
BRDA:137,15,0,8
BRDA:137,15,1,8
BRDA:137,15,2,8
BRDA:140,16,0,0
BRDA:140,16,1,8
BRDA:142,17,0,0
BRDA:142,17,1,8
BRF:32
BRH:18
end_of_record
TN:
SF:src/pages/student/LoginPage.tsx
FN:5,(anonymous_6)
FN:14,(anonymous_7)
FN:69,(anonymous_8)
FN:81,(anonymous_9)
FNF:4
FNH:4
FNDA:98,(anonymous_6)
FNDA:2,(anonymous_7)
FNDA:62,(anonymous_8)
FNDA:30,(anonymous_9)
DA:1,1
DA:2,1
DA:3,1
DA:5,1
DA:6,98
DA:7,98
DA:8,98
DA:9,98
DA:10,98
DA:11,98
DA:12,98
DA:14,98
DA:15,2
DA:16,2
DA:17,2
DA:18,2
DA:20,2
DA:21,2
DA:22,1
DA:23,1
DA:26,1
DA:27,1
DA:28,1
DA:29,1
DA:32,2
DA:36,98
DA:69,62
DA:81,30
DA:110,1
LF:29
LH:29
BRDA:22,0,0,1
BRDA:26,1,0,1
BRDA:26,1,1,0
BRDA:28,2,0,1
BRDA:28,3,0,1
BRDA:28,3,1,0
BRDA:44,4,0,98
BRDA:44,4,1,1
BRDA:47,5,0,1
BRDA:47,5,1,1
BRDA:96,6,0,2
BRDA:96,6,1,96
BRF:12
BRH:10
end_of_record
TN:
SF:src/pages/student/ProfilePage.tsx
FN:14,(anonymous_6)
FN:31,(anonymous_7)
FN:46,(anonymous_8)
FN:50,(anonymous_9)
FN:74,(anonymous_10)
FN:155,(anonymous_11)
FN:189,(anonymous_12)
FN:228,(anonymous_13)
FN:240,(anonymous_14)
FN:252,(anonymous_15)
FNF:10
FNH:9
FNDA:72,(anonymous_6)
FNDA:4,(anonymous_7)
FNDA:4,(anonymous_8)
FNDA:2,(anonymous_9)
FNDA:1,(anonymous_10)
FNDA:0,(anonymous_11)
FNDA:17,(anonymous_12)
FNDA:14,(anonymous_13)
FNDA:14,(anonymous_14)
FNDA:14,(anonymous_15)
DA:1,1
DA:2,1
DA:3,1
DA:14,1
DA:15,72
DA:16,72
DA:17,72
DA:18,72
DA:19,72
DA:20,72
DA:22,72
DA:23,72
DA:25,72
DA:26,72
DA:27,72
DA:28,72
DA:29,72
DA:31,72
DA:32,4
DA:33,4
DA:34,4
DA:35,4
DA:36,4
DA:37,4
DA:40,0
DA:42,4
DA:46,72
DA:47,4
DA:50,72
DA:51,2
DA:52,2
DA:53,2
DA:55,2
DA:56,1
DA:57,1
DA:60,1
DA:61,1
DA:62,1
DA:63,1
DA:64,1
DA:65,1
DA:68,0
DA:70,1
DA:74,72
DA:75,1
DA:76,1
DA:77,1
DA:79,1
DA:80,0
DA:81,0
DA:83,1
DA:84,0
DA:85,0
DA:87,1
DA:88,0
DA:89,0
DA:92,1
DA:93,1
DA:94,1
DA:100,1
DA:101,1
DA:102,1
DA:103,1
DA:104,1
DA:107,0
DA:109,1
DA:113,72
DA:114,4
DA:121,68
DA:155,0
DA:189,17
DA:228,14
DA:240,14
DA:252,14
DA:271,1
LF:75
LH:65
BRDA:35,0,0,4
BRDA:35,1,0,4
BRDA:35,1,1,4
BRDA:55,2,0,1
BRDA:55,3,0,2
BRDA:55,3,1,1
BRDA:63,4,0,1
BRDA:63,5,0,1
BRDA:63,5,1,1
BRDA:68,6,0,0
BRDA:68,6,1,0
BRDA:79,7,0,0
BRDA:83,8,0,0
BRDA:83,9,0,1
BRDA:83,9,1,1
BRDA:87,10,0,0
BRDA:100,11,0,1
BRDA:107,12,0,0
BRDA:107,12,1,0
BRDA:113,13,0,4
BRDA:141,14,0,68
BRDA:141,14,1,0
BRDA:146,15,0,68
BRDA:146,15,1,68
BRDA:169,16,0,68
BRDA:169,16,1,1
BRDA:175,17,0,68
BRDA:175,17,1,1
BRDA:198,18,0,1
BRDA:198,18,1,67
BRDA:207,19,0,68
BRDA:207,19,1,0
BRDA:213,20,0,68
BRDA:213,20,1,1
BRDA:261,21,0,1
BRDA:261,21,1,67
BRF:36
BRH:27
end_of_record
TN:
SF:src/pages/student/RegisterPage.tsx
FN:5,(anonymous_6)
FN:15,(anonymous_7)
FN:85,(anonymous_8)
FN:97,(anonymous_9)
FN:109,(anonymous_10)
FN:121,(anonymous_11)
FN:131,(anonymous_12)
FNF:7
FNH:7
FNDA:210,(anonymous_6)
FNDA:3,(anonymous_7)
FNDA:75,(anonymous_8)
FNDA:36,(anonymous_9)
FNDA:45,(anonymous_10)
FNDA:44,(anonymous_11)
FNDA:3,(anonymous_12)
DA:1,1
DA:2,1
DA:3,1
DA:5,1
DA:6,210
DA:7,210
DA:8,210
DA:9,210
DA:10,210
DA:11,210
DA:12,210
DA:13,210
DA:15,210
DA:16,3
DA:17,3
DA:19,3
DA:20,3
DA:21,1
DA:22,1
DA:24,2
DA:25,0
DA:26,0
DA:28,2
DA:29,1
DA:30,1
DA:32,1
DA:33,0
DA:34,0
DA:36,1
DA:37,0
DA:38,0
DA:41,1
DA:43,1
DA:44,1
DA:52,1
DA:53,1
DA:56,0
DA:58,1
DA:62,210
DA:85,75
DA:97,36
DA:109,45
DA:121,44
DA:131,3
DA:160,1
LF:45
LH:38
BRDA:20,0,0,1
BRDA:24,1,0,0
BRDA:24,2,0,2
BRDA:24,2,1,2
BRDA:28,3,0,1
BRDA:32,4,0,0
BRDA:32,5,0,1
BRDA:32,5,1,1
BRDA:36,6,0,0
BRDA:52,7,0,1
BRDA:56,8,0,0
BRDA:56,8,1,0
BRDA:70,9,0,210
BRDA:70,9,1,2
BRDA:146,10,0,1
BRDA:146,10,1,209
BRF:16
BRH:11
end_of_record
TN:
SF:src/pages/student/ResetPasswordPage.tsx
FN:5,(anonymous_6)
FN:17,(anonymous_7)
FN:23,(anonymous_8)
FN:48,(anonymous_9)
FN:89,(anonymous_10)
FN:102,(anonymous_11)
FNF:6
FNH:5
FNDA:75,(anonymous_6)
FNDA:3,(anonymous_7)
FNDA:2,(anonymous_8)
FNDA:0,(anonymous_9)
FNDA:34,(anonymous_10)
FNDA:34,(anonymous_11)
DA:1,1
DA:2,1
DA:3,1
DA:5,1
DA:6,75
DA:7,75
DA:8,75
DA:9,75
DA:11,75
DA:12,75
DA:13,75
DA:14,75
DA:15,75
DA:17,75
DA:18,3
DA:19,1
DA:23,75
DA:24,2
DA:25,2
DA:26,2
DA:28,2
DA:29,0
DA:30,0
DA:32,2
DA:33,1
DA:34,1
DA:37,1
DA:39,1
DA:40,1
DA:46,1
DA:47,1
DA:48,1
DA:49,0
DA:53,0
DA:55,1
DA:59,75
DA:89,34
DA:102,34
DA:119,1
LF:39
LH:35
BRDA:8,0,0,75
BRDA:8,0,1,0
BRDA:9,1,0,75
BRDA:9,1,1,2
BRDA:18,2,0,1
BRDA:18,3,0,3
BRDA:18,3,1,3
BRDA:28,4,0,0
BRDA:28,5,0,2
BRDA:28,5,1,2
BRDA:32,6,0,1
BRDA:46,7,0,1
BRDA:53,8,0,0
BRDA:53,8,1,0
BRDA:67,9,0,75
BRDA:67,9,1,2
BRDA:73,10,0,75
BRDA:73,10,1,1
BRDA:85,11,0,75
BRDA:85,11,1,75
BRDA:98,12,0,75
BRDA:98,12,1,75
BRDA:108,13,0,75
BRDA:108,13,1,74
BRDA:108,13,2,74
BRDA:111,14,0,1
BRDA:111,14,1,74
BRF:27
BRH:23
end_of_record
TN:
SF:src/pages/student/VerifyOtpPage.tsx
FN:5,(anonymous_6)
FN:17,(anonymous_7)
FN:23,(anonymous_8)
FN:25,(anonymous_9)
FN:26,(anonymous_10)
FN:28,(anonymous_11)
FN:31,(anonymous_12)
FN:51,(anonymous_13)
FN:62,(anonymous_14)
FN:119,(anonymous_15)
FNF:10
FNH:6
FNDA:18,(anonymous_6)
FNDA:4,(anonymous_7)
FNDA:4,(anonymous_8)
FNDA:0,(anonymous_9)
FNDA:0,(anonymous_10)
FNDA:0,(anonymous_11)
FNDA:2,(anonymous_12)
FNDA:0,(anonymous_13)
FNDA:1,(anonymous_14)
FNDA:9,(anonymous_15)
DA:1,1
DA:2,1
DA:3,1
DA:5,1
DA:6,18
DA:7,18
DA:8,18
DA:10,18
DA:11,18
DA:12,18
DA:13,18
DA:14,18
DA:15,18
DA:17,18
DA:18,4
DA:19,1
DA:23,18
DA:24,4
DA:25,0
DA:26,0
DA:28,0
DA:31,18
DA:32,2
DA:33,2
DA:34,1
DA:35,1
DA:38,1
DA:39,1
DA:40,1
DA:42,1
DA:43,1
DA:49,1
DA:50,1
DA:51,1
DA:52,0
DA:56,0
DA:58,1
DA:62,18
DA:63,1
DA:65,1
DA:66,1
DA:67,1
DA:69,1
DA:70,1
DA:75,1
DA:76,1
DA:77,1
DA:80,0
DA:82,1
DA:86,18
DA:119,9
DA:149,1
LF:52
LH:46
BRDA:8,0,0,18
BRDA:8,0,1,2
BRDA:18,1,0,1
BRDA:24,2,0,4
BRDA:33,3,0,1
BRDA:33,4,0,2
BRDA:33,4,1,2
BRDA:49,5,0,1
BRDA:56,6,0,0
BRDA:56,6,1,0
BRDA:63,7,0,0
BRDA:75,8,0,1
BRDA:80,9,0,0
BRDA:80,9,1,0
BRDA:97,10,0,18
BRDA:97,10,1,2
BRDA:103,11,0,18
BRDA:103,11,1,1
BRDA:125,12,0,18
BRDA:125,12,1,17
BRDA:128,13,0,1
BRDA:128,13,1,17
BRDA:135,14,0,18
BRDA:135,14,1,18
BRDA:135,14,2,17
BRDA:138,15,0,1
BRDA:138,15,1,17
BRDA:140,16,0,0
BRDA:140,16,1,17
BRF:29
BRH:23
end_of_record
TN:
SF:src/routes/index.tsx
FNF:0
FNH:0
DA:1,0
DA:2,0
DA:3,0
DA:4,0
DA:5,0
DA:6,0
DA:7,0
DA:8,0
DA:9,0
DA:10,0
DA:11,0
DA:13,0
LF:12
LH:0
BRF:0
BRH:0
end_of_record
